<testsuites id="" name="" tests="41" failures="39" skipped="0" errors="0" time="77.898315">
<testsuite name="auth/user-authentication.spec.ts" timestamp="2025-10-20T20:29:13.645Z" hostname="chromium" tests="6" failures="6" skipped="0" time="49.93" errors="0">
<testcase name="User Authentication Journey › should complete user registration flow" classname="auth/user-authentication.spec.ts" time="11.036">
<failure message="user-authentication.spec.ts:28:3 should complete user registration flow" type="FAILURE">
<![CDATA[  [chromium] › auth/user-authentication.spec.ts:28:3 › User Authentication Journey › should complete user registration flow 

    TimeoutError: page.click: Timeout 10000ms exceeded.
    Call log:
      - waiting for locator('[data-testid="email-auth-button"]')


      30 |     
      31 |     // Switch to email authentication method
    > 32 |     await page.click('[data-testid="email-auth-button"]');
         |                ^
      33 |     
      34 |     // Check if user is already authenticated
      35 |     const isAuthenticated = await page.evaluate(() => {
        at /Users/joaocarlinho/gauntlet/24hr-mvp/collabcanvas-mvp-day7/frontend/playwright-tests/auth/user-authentication.spec.ts:32:16

    attachment #1: screenshot (image/png) ──────────────────────────────────────────────────────────
    ../test-results/auth-user-authentication-U-ca5d5-lete-user-registration-flow-chromium/test-failed-1.png
    ────────────────────────────────────────────────────────────────────────────────────────────────

    attachment #2: video (video/webm) ──────────────────────────────────────────────────────────────
    ../test-results/auth-user-authentication-U-ca5d5-lete-user-registration-flow-chromium/video.webm
    ────────────────────────────────────────────────────────────────────────────────────────────────

    Error Context: ../test-results/auth-user-authentication-U-ca5d5-lete-user-registration-flow-chromium/error-context.md
]]>
</failure>
<system-out>
<![CDATA[
[[ATTACHMENT|test-results/auth-user-authentication-U-ca5d5-lete-user-registration-flow-chromium/test-failed-1.png]]

[[ATTACHMENT|test-results/auth-user-authentication-U-ca5d5-lete-user-registration-flow-chromium/video.webm]]

[[ATTACHMENT|test-results/auth-user-authentication-U-ca5d5-lete-user-registration-flow-chromium/error-context.md]]
]]>
</system-out>
</testcase>
<testcase name="User Authentication Journey › should complete user login flow" classname="auth/user-authentication.spec.ts" time="10.816">
<failure message="user-authentication.spec.ts:59:3 should complete user login flow" type="FAILURE">
<![CDATA[  [chromium] › auth/user-authentication.spec.ts:59:3 › User Authentication Journey › should complete user login flow 

    TimeoutError: page.click: Timeout 10000ms exceeded.
    Call log:
      - waiting for locator('[data-testid="email-auth-button"]')


      61 |     
      62 |     // Switch to email authentication method
    > 63 |     await page.click('[data-testid="email-auth-button"]');
         |                ^
      64 |     
      65 |     // Test login flow
      66 |     await page.click('[data-testid="sign-in-button"]');
        at /Users/joaocarlinho/gauntlet/24hr-mvp/collabcanvas-mvp-day7/frontend/playwright-tests/auth/user-authentication.spec.ts:63:16

    attachment #1: screenshot (image/png) ──────────────────────────────────────────────────────────
    ../test-results/auth-user-authentication-U-43af8-ld-complete-user-login-flow-chromium/test-failed-1.png
    ────────────────────────────────────────────────────────────────────────────────────────────────

    attachment #2: video (video/webm) ──────────────────────────────────────────────────────────────
    ../test-results/auth-user-authentication-U-43af8-ld-complete-user-login-flow-chromium/video.webm
    ────────────────────────────────────────────────────────────────────────────────────────────────

    Error Context: ../test-results/auth-user-authentication-U-43af8-ld-complete-user-login-flow-chromium/error-context.md
]]>
</failure>
<system-out>
<![CDATA[
[[ATTACHMENT|test-results/auth-user-authentication-U-43af8-ld-complete-user-login-flow-chromium/test-failed-1.png]]

[[ATTACHMENT|test-results/auth-user-authentication-U-43af8-ld-complete-user-login-flow-chromium/video.webm]]

[[ATTACHMENT|test-results/auth-user-authentication-U-43af8-ld-complete-user-login-flow-chromium/error-context.md]]
]]>
</system-out>
</testcase>
<testcase name="User Authentication Journey › should handle authentication errors gracefully" classname="auth/user-authentication.spec.ts" time="10.921">
<failure message="user-authentication.spec.ts:89:3 should handle authentication errors gracefully" type="FAILURE">
<![CDATA[  [chromium] › auth/user-authentication.spec.ts:89:3 › User Authentication Journey › should handle authentication errors gracefully 

    TimeoutError: page.click: Timeout 10000ms exceeded.
    Call log:
      - waiting for locator('[data-testid="email-auth-button"]')


      91 |     
      92 |     // Switch to email authentication method
    > 93 |     await page.click('[data-testid="email-auth-button"]');
         |                ^
      94 |     
      95 |     // Test invalid email
      96 |     await page.click('[data-testid="sign-in-button"]');
        at /Users/joaocarlinho/gauntlet/24hr-mvp/collabcanvas-mvp-day7/frontend/playwright-tests/auth/user-authentication.spec.ts:93:16

    attachment #1: screenshot (image/png) ──────────────────────────────────────────────────────────
    ../test-results/auth-user-authentication-U-05e72-ntication-errors-gracefully-chromium/test-failed-1.png
    ────────────────────────────────────────────────────────────────────────────────────────────────

    attachment #2: video (video/webm) ──────────────────────────────────────────────────────────────
    ../test-results/auth-user-authentication-U-05e72-ntication-errors-gracefully-chromium/video.webm
    ────────────────────────────────────────────────────────────────────────────────────────────────

    Error Context: ../test-results/auth-user-authentication-U-05e72-ntication-errors-gracefully-chromium/error-context.md
]]>
</failure>
<system-out>
<![CDATA[
[[ATTACHMENT|test-results/auth-user-authentication-U-05e72-ntication-errors-gracefully-chromium/test-failed-1.png]]

[[ATTACHMENT|test-results/auth-user-authentication-U-05e72-ntication-errors-gracefully-chromium/video.webm]]

[[ATTACHMENT|test-results/auth-user-authentication-U-05e72-ntication-errors-gracefully-chromium/error-context.md]]
]]>
</system-out>
</testcase>
<testcase name="User Authentication Journey › should maintain authentication state across page reloads" classname="auth/user-authentication.spec.ts" time="0.805">
<failure message="user-authentication.spec.ts:112:3 should maintain authentication state across page reloads" type="FAILURE">
<![CDATA[  [chromium] › auth/user-authentication.spec.ts:112:3 › User Authentication Journey › should maintain authentication state across page reloads 

    Error: expect(received).toBe(expected) // Object.is equality

    Expected: true
    Received: false

      118 |     });
      119 |     
    > 120 |     expect(isAuthenticated).toBe(true);
          |                             ^
      121 |     
      122 |     // Reload page
      123 |     await page.reload();
        at /Users/joaocarlinho/gauntlet/24hr-mvp/collabcanvas-mvp-day7/frontend/playwright-tests/auth/user-authentication.spec.ts:120:29

    attachment #1: screenshot (image/png) ──────────────────────────────────────────────────────────
    ../test-results/auth-user-authentication-U-cddbc-n-state-across-page-reloads-chromium/test-failed-1.png
    ────────────────────────────────────────────────────────────────────────────────────────────────

    attachment #2: video (video/webm) ──────────────────────────────────────────────────────────────
    ../test-results/auth-user-authentication-U-cddbc-n-state-across-page-reloads-chromium/video.webm
    ────────────────────────────────────────────────────────────────────────────────────────────────

    Error Context: ../test-results/auth-user-authentication-U-cddbc-n-state-across-page-reloads-chromium/error-context.md
]]>
</failure>
<system-out>
<![CDATA[
[[ATTACHMENT|test-results/auth-user-authentication-U-cddbc-n-state-across-page-reloads-chromium/test-failed-1.png]]

[[ATTACHMENT|test-results/auth-user-authentication-U-cddbc-n-state-across-page-reloads-chromium/video.webm]]

[[ATTACHMENT|test-results/auth-user-authentication-U-cddbc-n-state-across-page-reloads-chromium/error-context.md]]
]]>
</system-out>
</testcase>
<testcase name="User Authentication Journey › should handle session expiration" classname="auth/user-authentication.spec.ts" time="5.948">
<failure message="user-authentication.spec.ts:134:3 should handle session expiration" type="FAILURE">
<![CDATA[  [chromium] › auth/user-authentication.spec.ts:134:3 › User Authentication Journey › should handle session expiration 

    Error: expect(locator).toBeVisible() failed

    Locator: locator('[data-testid="login-form"]')
    Expected: visible
    Timeout: 5000ms
    Error: element(s) not found

    Call log:
      - Expect "toBeVisible" with timeout 5000ms
      - waiting for locator('[data-testid="login-form"]')


      145 |     
      146 |     // Should redirect to login
    > 147 |     await expect(page.locator('[data-testid="login-form"]')).toBeVisible();
          |                                                              ^
      148 |     
      149 |     // Should clear expired tokens
      150 |     const token = await page.evaluate(() => {
        at /Users/joaocarlinho/gauntlet/24hr-mvp/collabcanvas-mvp-day7/frontend/playwright-tests/auth/user-authentication.spec.ts:147:62

    attachment #1: screenshot (image/png) ──────────────────────────────────────────────────────────
    ../test-results/auth-user-authentication-U-25e63-d-handle-session-expiration-chromium/test-failed-1.png
    ────────────────────────────────────────────────────────────────────────────────────────────────

    attachment #2: video (video/webm) ──────────────────────────────────────────────────────────────
    ../test-results/auth-user-authentication-U-25e63-d-handle-session-expiration-chromium/video.webm
    ────────────────────────────────────────────────────────────────────────────────────────────────
]]>
</failure>
<system-out>
<![CDATA[
[[ATTACHMENT|test-results/auth-user-authentication-U-25e63-d-handle-session-expiration-chromium/test-failed-1.png]]

[[ATTACHMENT|test-results/auth-user-authentication-U-25e63-d-handle-session-expiration-chromium/video.webm]]
]]>
</system-out>
</testcase>
<testcase name="User Authentication Journey › should support logout functionality" classname="auth/user-authentication.spec.ts" time="10.404">
<failure message="user-authentication.spec.ts:157:3 should support logout functionality" type="FAILURE">
<![CDATA[  [chromium] › auth/user-authentication.spec.ts:157:3 › User Authentication Journey › should support logout functionality 

    TimeoutError: page.click: Timeout 10000ms exceeded.
    Call log:
      - waiting for locator('[data-testid="logout-button"]')


      163 |     // Click logout
      164 |     await page.click('[data-testid="user-menu"]');
    > 165 |     await page.click('[data-testid="logout-button"]');
          |                ^
      166 |     
      167 |     // Verify logout success
      168 |     await expect(page.locator('[data-testid="sign-in-button"]')).toBeVisible();
        at /Users/joaocarlinho/gauntlet/24hr-mvp/collabcanvas-mvp-day7/frontend/playwright-tests/auth/user-authentication.spec.ts:165:16

    attachment #1: screenshot (image/png) ──────────────────────────────────────────────────────────
    ../test-results/auth-user-authentication-U-4abdb-upport-logout-functionality-chromium/test-failed-1.png
    ────────────────────────────────────────────────────────────────────────────────────────────────

    attachment #2: video (video/webm) ──────────────────────────────────────────────────────────────
    ../test-results/auth-user-authentication-U-4abdb-upport-logout-functionality-chromium/video.webm
    ────────────────────────────────────────────────────────────────────────────────────────────────

    Error Context: ../test-results/auth-user-authentication-U-4abdb-upport-logout-functionality-chromium/error-context.md
]]>
</failure>
<system-out>
<![CDATA[
[[ATTACHMENT|test-results/auth-user-authentication-U-4abdb-upport-logout-functionality-chromium/test-failed-1.png]]

[[ATTACHMENT|test-results/auth-user-authentication-U-4abdb-upport-logout-functionality-chromium/video.webm]]

[[ATTACHMENT|test-results/auth-user-authentication-U-4abdb-upport-logout-functionality-chromium/error-context.md]]
]]>
</system-out>
</testcase>
</testsuite>
<testsuite name="canvas/canvas-creation-journey.spec.ts" timestamp="2025-10-20T20:29:13.645Z" hostname="chromium" tests="7" failures="7" skipped="0" time="63.779" errors="0">
<testcase name="Canvas Creation Journey › should create a new canvas successfully" classname="canvas/canvas-creation-journey.spec.ts" time="5.457">
<failure message="canvas-creation-journey.spec.ts:26:3 should create a new canvas successfully" type="FAILURE">
<![CDATA[  [chromium] › canvas/canvas-creation-journey.spec.ts:26:3 › Canvas Creation Journey › should create a new canvas successfully 

    Error: expect(locator).toBeVisible() failed

    Locator: locator('[data-testid="canvas-creation-modal"]')
    Expected: visible
    Timeout: 5000ms
    Error: element(s) not found

    Call log:
      - Expect "toBeVisible" with timeout 5000ms
      - waiting for locator('[data-testid="canvas-creation-modal"]')


      29 |     // Navigate to canvas creation
      30 |     await page.click('[data-testid="create-canvas-button"]');
    > 31 |     await expect(page.locator('[data-testid="canvas-creation-modal"]')).toBeVisible();
         |                                                                         ^
      32 |     
      33 |     // Fill canvas details
      34 |     await page.fill('[data-testid="canvas-name-input"]', 'Test Canvas');
        at /Users/joaocarlinho/gauntlet/24hr-mvp/collabcanvas-mvp-day7/frontend/playwright-tests/canvas/canvas-creation-journey.spec.ts:31:73

    attachment #1: screenshot (image/png) ──────────────────────────────────────────────────────────
    ../test-results/canvas-canvas-creation-jou-8fdbd-e-a-new-canvas-successfully-chromium/test-failed-1.png
    ────────────────────────────────────────────────────────────────────────────────────────────────

    attachment #2: video (video/webm) ──────────────────────────────────────────────────────────────
    ../test-results/canvas-canvas-creation-jou-8fdbd-e-a-new-canvas-successfully-chromium/video.webm
    ────────────────────────────────────────────────────────────────────────────────────────────────

    Error Context: ../test-results/canvas-canvas-creation-jou-8fdbd-e-a-new-canvas-successfully-chromium/error-context.md
]]>
</failure>
<system-out>
<![CDATA[
[[ATTACHMENT|test-results/canvas-canvas-creation-jou-8fdbd-e-a-new-canvas-successfully-chromium/test-failed-1.png]]

[[ATTACHMENT|test-results/canvas-canvas-creation-jou-8fdbd-e-a-new-canvas-successfully-chromium/video.webm]]

[[ATTACHMENT|test-results/canvas-canvas-creation-jou-8fdbd-e-a-new-canvas-successfully-chromium/error-context.md]]
]]>
</system-out>
</testcase>
<testcase name="Canvas Creation Journey › should handle canvas creation validation errors" classname="canvas/canvas-creation-journey.spec.ts" time="5.621">
<failure message="canvas-creation-journey.spec.ts:54:3 should handle canvas creation validation errors" type="FAILURE">
<![CDATA[  [chromium] › canvas/canvas-creation-journey.spec.ts:54:3 › Canvas Creation Journey › should handle canvas creation validation errors 

    Error: expect(locator).toBeVisible() failed

    Locator: locator('[data-testid="canvas-name-error"]')
    Expected: visible
    Timeout: 5000ms
    Error: element(s) not found

    Call log:
      - Expect "toBeVisible" with timeout 5000ms
      - waiting for locator('[data-testid="canvas-name-error"]')


      62 |     
      63 |     // Should show validation error
    > 64 |     await expect(page.locator('[data-testid="canvas-name-error"]')).toBeVisible();
         |                                                                     ^
      65 |     
      66 |     // Fill invalid name (too long)
      67 |     await page.fill('[data-testid="canvas-name-input"]', 'a'.repeat(101));
        at /Users/joaocarlinho/gauntlet/24hr-mvp/collabcanvas-mvp-day7/frontend/playwright-tests/canvas/canvas-creation-journey.spec.ts:64:69

    attachment #1: screenshot (image/png) ──────────────────────────────────────────────────────────
    ../test-results/canvas-canvas-creation-jou-7a605--creation-validation-errors-chromium/test-failed-1.png
    ────────────────────────────────────────────────────────────────────────────────────────────────

    attachment #2: video (video/webm) ──────────────────────────────────────────────────────────────
    ../test-results/canvas-canvas-creation-jou-7a605--creation-validation-errors-chromium/video.webm
    ────────────────────────────────────────────────────────────────────────────────────────────────

    Error Context: ../test-results/canvas-canvas-creation-jou-7a605--creation-validation-errors-chromium/error-context.md
]]>
</failure>
<system-out>
<![CDATA[
[[ATTACHMENT|test-results/canvas-canvas-creation-jou-7a605--creation-validation-errors-chromium/test-failed-1.png]]

[[ATTACHMENT|test-results/canvas-canvas-creation-jou-7a605--creation-validation-errors-chromium/video.webm]]

[[ATTACHMENT|test-results/canvas-canvas-creation-jou-7a605--creation-validation-errors-chromium/error-context.md]]
]]>
</system-out>
</testcase>
<testcase name="Canvas Creation Journey › should create canvas with different permission levels" classname="canvas/canvas-creation-journey.spec.ts" time="10.573">
<failure message="canvas-creation-journey.spec.ts:74:3 should create canvas with different permission levels" type="FAILURE">
<![CDATA[  [chromium] › canvas/canvas-creation-journey.spec.ts:74:3 › Canvas Creation Journey › should create canvas with different permission levels 

    TimeoutError: page.fill: Timeout 10000ms exceeded.
    Call log:
      - waiting for locator('[data-testid="canvas-name-input"]')


      77 |     // Test public canvas creation
      78 |     await page.click('[data-testid="create-canvas-button"]');
    > 79 |     await page.fill('[data-testid="canvas-name-input"]', 'Public Test Canvas');
         |                ^
      80 |     await page.selectOption('[data-testid="canvas-visibility-select"]', 'public');
      81 |     await page.click('[data-testid="create-canvas-submit"]');
      82 |     
        at /Users/joaocarlinho/gauntlet/24hr-mvp/collabcanvas-mvp-day7/frontend/playwright-tests/canvas/canvas-creation-journey.spec.ts:79:16

    attachment #1: screenshot (image/png) ──────────────────────────────────────────────────────────
    ../test-results/canvas-canvas-creation-jou-46025-different-permission-levels-chromium/test-failed-1.png
    ────────────────────────────────────────────────────────────────────────────────────────────────

    attachment #2: video (video/webm) ──────────────────────────────────────────────────────────────
    ../test-results/canvas-canvas-creation-jou-46025-different-permission-levels-chromium/video.webm
    ────────────────────────────────────────────────────────────────────────────────────────────────

    Error Context: ../test-results/canvas-canvas-creation-jou-46025-different-permission-levels-chromium/error-context.md
]]>
</failure>
<system-out>
<![CDATA[
[[ATTACHMENT|test-results/canvas-canvas-creation-jou-46025-different-permission-levels-chromium/test-failed-1.png]]

[[ATTACHMENT|test-results/canvas-canvas-creation-jou-46025-different-permission-levels-chromium/video.webm]]

[[ATTACHMENT|test-results/canvas-canvas-creation-jou-46025-different-permission-levels-chromium/error-context.md]]
]]>
</system-out>
</testcase>
<testcase name="Canvas Creation Journey › should allow canvas editing and updates" classname="canvas/canvas-creation-journey.spec.ts" time="10.576">
<failure message="canvas-creation-journey.spec.ts:101:3 should allow canvas editing and updates" type="FAILURE">
<![CDATA[  [chromium] › canvas/canvas-creation-journey.spec.ts:101:3 › Canvas Creation Journey › should allow canvas editing and updates 

    TimeoutError: page.fill: Timeout 10000ms exceeded.
    Call log:
      - waiting for locator('[data-testid="canvas-name-input"]')


      104 |     // Create a canvas first
      105 |     await page.click('[data-testid="create-canvas-button"]');
    > 106 |     await page.fill('[data-testid="canvas-name-input"]', 'Editable Test Canvas');
          |                ^
      107 |     await page.click('[data-testid="create-canvas-submit"]');
      108 |     
      109 |     await page.waitForURL(/\/canvas\/[a-zA-Z0-9-]+/);
        at /Users/joaocarlinho/gauntlet/24hr-mvp/collabcanvas-mvp-day7/frontend/playwright-tests/canvas/canvas-creation-journey.spec.ts:106:16

    attachment #1: screenshot (image/png) ──────────────────────────────────────────────────────────
    ../test-results/canvas-canvas-creation-jou-d4230--canvas-editing-and-updates-chromium/test-failed-1.png
    ────────────────────────────────────────────────────────────────────────────────────────────────

    attachment #2: video (video/webm) ──────────────────────────────────────────────────────────────
    ../test-results/canvas-canvas-creation-jou-d4230--canvas-editing-and-updates-chromium/video.webm
    ────────────────────────────────────────────────────────────────────────────────────────────────

    Error Context: ../test-results/canvas-canvas-creation-jou-d4230--canvas-editing-and-updates-chromium/error-context.md
]]>
</failure>
<system-out>
<![CDATA[
[[ATTACHMENT|test-results/canvas-canvas-creation-jou-d4230--canvas-editing-and-updates-chromium/test-failed-1.png]]

[[ATTACHMENT|test-results/canvas-canvas-creation-jou-d4230--canvas-editing-and-updates-chromium/video.webm]]

[[ATTACHMENT|test-results/canvas-canvas-creation-jou-d4230--canvas-editing-and-updates-chromium/error-context.md]]
]]>
</system-out>
</testcase>
<testcase name="Canvas Creation Journey › should handle canvas deletion" classname="canvas/canvas-creation-journey.spec.ts" time="10.567">
<failure message="canvas-creation-journey.spec.ts:126:3 should handle canvas deletion" type="FAILURE">
<![CDATA[  [chromium] › canvas/canvas-creation-journey.spec.ts:126:3 › Canvas Creation Journey › should handle canvas deletion 

    TimeoutError: page.fill: Timeout 10000ms exceeded.
    Call log:
      - waiting for locator('[data-testid="canvas-name-input"]')


      129 |     // Create a canvas first
      130 |     await page.click('[data-testid="create-canvas-button"]');
    > 131 |     await page.fill('[data-testid="canvas-name-input"]', 'Canvas to Delete');
          |                ^
      132 |     await page.click('[data-testid="create-canvas-submit"]');
      133 |     
      134 |     await page.waitForURL(/\/canvas\/[a-zA-Z0-9-]+/);
        at /Users/joaocarlinho/gauntlet/24hr-mvp/collabcanvas-mvp-day7/frontend/playwright-tests/canvas/canvas-creation-journey.spec.ts:131:16

    attachment #1: screenshot (image/png) ──────────────────────────────────────────────────────────
    ../test-results/canvas-canvas-creation-jou-1d41e-ould-handle-canvas-deletion-chromium/test-failed-1.png
    ────────────────────────────────────────────────────────────────────────────────────────────────

    attachment #2: video (video/webm) ──────────────────────────────────────────────────────────────
    ../test-results/canvas-canvas-creation-jou-1d41e-ould-handle-canvas-deletion-chromium/video.webm
    ────────────────────────────────────────────────────────────────────────────────────────────────

    Error Context: ../test-results/canvas-canvas-creation-jou-1d41e-ould-handle-canvas-deletion-chromium/error-context.md
]]>
</failure>
<system-out>
<![CDATA[
[[ATTACHMENT|test-results/canvas-canvas-creation-jou-1d41e-ould-handle-canvas-deletion-chromium/test-failed-1.png]]

[[ATTACHMENT|test-results/canvas-canvas-creation-jou-1d41e-ould-handle-canvas-deletion-chromium/video.webm]]

[[ATTACHMENT|test-results/canvas-canvas-creation-jou-1d41e-ould-handle-canvas-deletion-chromium/error-context.md]]
]]>
</system-out>
</testcase>
<testcase name="Canvas Creation Journey › should support canvas templates" classname="canvas/canvas-creation-journey.spec.ts" time="10.53">
<failure message="canvas-creation-journey.spec.ts:153:3 should support canvas templates" type="FAILURE">
<![CDATA[  [chromium] › canvas/canvas-creation-journey.spec.ts:153:3 › Canvas Creation Journey › should support canvas templates 

    TimeoutError: page.click: Timeout 10000ms exceeded.
    Call log:
      - waiting for locator('[data-testid="template-selector"]')


      158 |     
      159 |     // Select a template
    > 160 |     await page.click('[data-testid="template-selector"]');
          |                ^
      161 |     await page.click('[data-testid="template-blank"]');
      162 |     
      163 |     // Fill canvas details
        at /Users/joaocarlinho/gauntlet/24hr-mvp/collabcanvas-mvp-day7/frontend/playwright-tests/canvas/canvas-creation-journey.spec.ts:160:16

    attachment #1: screenshot (image/png) ──────────────────────────────────────────────────────────
    ../test-results/canvas-canvas-creation-jou-c949e-ld-support-canvas-templates-chromium/test-failed-1.png
    ────────────────────────────────────────────────────────────────────────────────────────────────

    attachment #2: video (video/webm) ──────────────────────────────────────────────────────────────
    ../test-results/canvas-canvas-creation-jou-c949e-ld-support-canvas-templates-chromium/video.webm
    ────────────────────────────────────────────────────────────────────────────────────────────────

    Error Context: ../test-results/canvas-canvas-creation-jou-c949e-ld-support-canvas-templates-chromium/error-context.md
]]>
</failure>
<system-out>
<![CDATA[
[[ATTACHMENT|test-results/canvas-canvas-creation-jou-c949e-ld-support-canvas-templates-chromium/test-failed-1.png]]

[[ATTACHMENT|test-results/canvas-canvas-creation-jou-c949e-ld-support-canvas-templates-chromium/video.webm]]

[[ATTACHMENT|test-results/canvas-canvas-creation-jou-c949e-ld-support-canvas-templates-chromium/error-context.md]]
]]>
</system-out>
</testcase>
<testcase name="Canvas Creation Journey › should handle canvas creation with AI assistance" classname="canvas/canvas-creation-journey.spec.ts" time="10.455">
<failure message="canvas-creation-journey.spec.ts:176:3 should handle canvas creation with AI assistance" type="FAILURE">
<![CDATA[  [chromium] › canvas/canvas-creation-journey.spec.ts:176:3 › Canvas Creation Journey › should handle canvas creation with AI assistance 

    TimeoutError: page.click: Timeout 10000ms exceeded.
    Call log:
      - waiting for locator('[data-testid="ai-assistance-toggle"]')


      181 |     
      182 |     // Enable AI assistance
    > 183 |     await page.click('[data-testid="ai-assistance-toggle"]');
          |                ^
      184 |     
      185 |     // Fill basic details
      186 |     await page.fill('[data-testid="canvas-name-input"]', 'AI-Assisted Canvas');
        at /Users/joaocarlinho/gauntlet/24hr-mvp/collabcanvas-mvp-day7/frontend/playwright-tests/canvas/canvas-creation-journey.spec.ts:183:16

    attachment #1: screenshot (image/png) ──────────────────────────────────────────────────────────
    ../test-results/canvas-canvas-creation-jou-828ba-creation-with-AI-assistance-chromium/test-failed-1.png
    ────────────────────────────────────────────────────────────────────────────────────────────────

    attachment #2: video (video/webm) ──────────────────────────────────────────────────────────────
    ../test-results/canvas-canvas-creation-jou-828ba-creation-with-AI-assistance-chromium/video.webm
    ────────────────────────────────────────────────────────────────────────────────────────────────

    Error Context: ../test-results/canvas-canvas-creation-jou-828ba-creation-with-AI-assistance-chromium/error-context.md
]]>
</failure>
<system-out>
<![CDATA[
[[ATTACHMENT|test-results/canvas-canvas-creation-jou-828ba-creation-with-AI-assistance-chromium/test-failed-1.png]]

[[ATTACHMENT|test-results/canvas-canvas-creation-jou-828ba-creation-with-AI-assistance-chromium/video.webm]]

[[ATTACHMENT|test-results/canvas-canvas-creation-jou-828ba-creation-with-AI-assistance-chromium/error-context.md]]
]]>
</system-out>
</testcase>
</testsuite>
<testsuite name="collaboration/real-time-collaboration.spec.ts" timestamp="2025-10-20T20:29:13.645Z" hostname="chromium" tests="7" failures="7" skipped="0" time="85.407" errors="0">
<testcase name="Real-time Collaboration Journey › should allow multiple users to join the same canvas" classname="collaboration/real-time-collaboration.spec.ts" time="11.123">
<failure message="real-time-collaboration.spec.ts:44:3 should allow multiple users to join the same canvas" type="FAILURE">
<![CDATA[  [chromium] › collaboration/real-time-collaboration.spec.ts:44:3 › Real-time Collaboration Journey › should allow multiple users to join the same canvas 

    TimeoutError: page.fill: Timeout 10000ms exceeded.
    Call log:
      - waiting for locator('[data-testid="canvas-name-input"]')


      46 |     await user1Page.goto('/');
      47 |     await user1Page.click('[data-testid="create-canvas-button"]');
    > 48 |     await user1Page.fill('[data-testid="canvas-name-input"]', 'Collaboration Test Canvas');
         |                     ^
      49 |     await user1Page.selectOption('[data-testid="canvas-visibility-select"]', 'public');
      50 |     await user1Page.click('[data-testid="create-canvas-submit"]');
      51 |     
        at /Users/joaocarlinho/gauntlet/24hr-mvp/collabcanvas-mvp-day7/frontend/playwright-tests/collaboration/real-time-collaboration.spec.ts:48:21

    attachment #1: screenshot (image/png) ──────────────────────────────────────────────────────────
    ../test-results/collaboration-real-time-co-ca144-ers-to-join-the-same-canvas-chromium/test-failed-1.png
    ────────────────────────────────────────────────────────────────────────────────────────────────

    attachment #2: screenshot (image/png) ──────────────────────────────────────────────────────────
    ../test-results/collaboration-real-time-co-ca144-ers-to-join-the-same-canvas-chromium/test-failed-2.png
    ────────────────────────────────────────────────────────────────────────────────────────────────

    Error Context: ../test-results/collaboration-real-time-co-ca144-ers-to-join-the-same-canvas-chromium/error-context.md
]]>
</failure>
<system-out>
<![CDATA[
[[ATTACHMENT|test-results/collaboration-real-time-co-ca144-ers-to-join-the-same-canvas-chromium/test-failed-1.png]]

[[ATTACHMENT|test-results/collaboration-real-time-co-ca144-ers-to-join-the-same-canvas-chromium/test-failed-2.png]]

[[ATTACHMENT|test-results/collaboration-real-time-co-ca144-ers-to-join-the-same-canvas-chromium/error-context.md]]
]]>
</system-out>
</testcase>
<testcase name="Real-time Collaboration Journey › should synchronize object creation across users" classname="collaboration/real-time-collaboration.spec.ts" time="12.071">
<failure message="real-time-collaboration.spec.ts:71:3 should synchronize object creation across users" type="FAILURE">
<![CDATA[  [chromium] › collaboration/real-time-collaboration.spec.ts:71:3 › Real-time Collaboration Journey › should synchronize object creation across users 

    TimeoutError: page.click: Timeout 10000ms exceeded.
    Call log:
      - waiting for locator('.konvajs-content')
        - locator resolved to <div role="presentation" class="konvajs-content">…</div>
      - attempting click action
        2 × waiting for element to be visible, enabled and stable
          - element is visible, enabled and stable
          - scrolling into view if needed
          - done scrolling
          - <div class="flex flex-col items-center space-y-1">…</div> from <div data-testid="canvas-toolbar" class="↵        fixed z-50 bg-white rounded-lg shadow-lg border border-gray-200↵        transition-all duration-300 ease-in-out↵        cursor-grab↵        w-48↵      ">…</div> subtree intercepts pointer events
        - retrying click action
        - waiting 20ms
        2 × waiting for element to be visible, enabled and stable
          - element is visible, enabled and stable
          - scrolling into view if needed
          - done scrolling
          - <div class="flex flex-col items-center space-y-1">…</div> from <div data-testid="canvas-toolbar" class="↵        fixed z-50 bg-white rounded-lg shadow-lg border border-gray-200↵        transition-all duration-300 ease-in-out↵        cursor-grab↵        w-48↵      ">…</div> subtree intercepts pointer events
        - retrying click action
          - waiting 100ms
        15 × waiting for element to be visible, enabled and stable
           - element is visible, enabled and stable
           - scrolling into view if needed
           - done scrolling
           - <div class="flex flex-col items-center space-y-1">…</div> from <div data-testid="canvas-toolbar" class="↵        fixed z-50 bg-white rounded-lg shadow-lg border border-gray-200↵        transition-all duration-300 ease-in-out↵        cursor-grab↵        w-48↵      ">…</div> subtree intercepts pointer events
         - retrying click action
           - waiting 500ms


      80 |     // User 1 creates a rectangle
      81 |     await user1Page.click('[data-testid="tool-rectangle"]');
    > 82 |     await user1Page.click('.konvajs-content', { position: { x: 100, y: 100 } });
         |                     ^
      83 |     
      84 |     // Wait for synchronization
      85 |     await user1Page.waitForTimeout(1000);
        at /Users/joaocarlinho/gauntlet/24hr-mvp/collabcanvas-mvp-day7/frontend/playwright-tests/collaboration/real-time-collaboration.spec.ts:82:21

    attachment #1: screenshot (image/png) ──────────────────────────────────────────────────────────
    ../test-results/collaboration-real-time-co-0f529-bject-creation-across-users-chromium/test-failed-2.png
    ────────────────────────────────────────────────────────────────────────────────────────────────

    attachment #2: screenshot (image/png) ──────────────────────────────────────────────────────────
    ../test-results/collaboration-real-time-co-0f529-bject-creation-across-users-chromium/test-failed-1.png
    ────────────────────────────────────────────────────────────────────────────────────────────────

    Error Context: ../test-results/collaboration-real-time-co-0f529-bject-creation-across-users-chromium/error-context.md
]]>
</failure>
<system-out>
<![CDATA[
[[ATTACHMENT|test-results/collaboration-real-time-co-0f529-bject-creation-across-users-chromium/test-failed-2.png]]

[[ATTACHMENT|test-results/collaboration-real-time-co-0f529-bject-creation-across-users-chromium/test-failed-1.png]]

[[ATTACHMENT|test-results/collaboration-real-time-co-0f529-bject-creation-across-users-chromium/error-context.md]]
]]>
</system-out>
</testcase>
<testcase name="Real-time Collaboration Journey › should synchronize object modifications across users" classname="collaboration/real-time-collaboration.spec.ts" time="12.56">
<failure message="real-time-collaboration.spec.ts:101:3 should synchronize object modifications across users" type="FAILURE">
<![CDATA[  [chromium] › collaboration/real-time-collaboration.spec.ts:101:3 › Real-time Collaboration Journey › should synchronize object modifications across users 

    TimeoutError: page.click: Timeout 10000ms exceeded.
    Call log:
      - waiting for locator('.konvajs-content')
        - locator resolved to <div role="presentation" class="konvajs-content">…</div>
      - attempting click action
        2 × waiting for element to be visible, enabled and stable
          - element is visible, enabled and stable
          - scrolling into view if needed
          - done scrolling
          - <div class="flex flex-col items-center space-y-1">…</div> from <div data-testid="canvas-toolbar" class="↵        fixed z-50 bg-white rounded-lg shadow-lg border border-gray-200↵        transition-all duration-300 ease-in-out↵        cursor-grab↵        w-48↵      ">…</div> subtree intercepts pointer events
        - retrying click action
        - waiting 20ms
        2 × waiting for element to be visible, enabled and stable
          - element is visible, enabled and stable
          - scrolling into view if needed
          - done scrolling
          - <div class="flex flex-col items-center space-y-1">…</div> from <div data-testid="canvas-toolbar" class="↵        fixed z-50 bg-white rounded-lg shadow-lg border border-gray-200↵        transition-all duration-300 ease-in-out↵        cursor-grab↵        w-48↵      ">…</div> subtree intercepts pointer events
        - retrying click action
          - waiting 100ms
        16 × waiting for element to be visible, enabled and stable
           - element is visible, enabled and stable
           - scrolling into view if needed
           - done scrolling
           - <div class="flex flex-col items-center space-y-1">…</div> from <div data-testid="canvas-toolbar" class="↵        fixed z-50 bg-white rounded-lg shadow-lg border border-gray-200↵        transition-all duration-300 ease-in-out↵        cursor-grab↵        w-48↵      ">…</div> subtree intercepts pointer events
         - retrying click action
           - waiting 500ms


      109 |     // User 1 creates a rectangle
      110 |     await user1Page.click('[data-testid="tool-rectangle"]');
    > 111 |     await user1Page.click('.konvajs-content', { position: { x: 100, y: 100 } });
          |                     ^
      112 |     await user1Page.waitForTimeout(1000);
      113 |     
      114 |     // User 2 selects and modifies the rectangle
        at /Users/joaocarlinho/gauntlet/24hr-mvp/collabcanvas-mvp-day7/frontend/playwright-tests/collaboration/real-time-collaboration.spec.ts:111:21

    attachment #1: screenshot (image/png) ──────────────────────────────────────────────────────────
    ../test-results/collaboration-real-time-co-0bf2c--modifications-across-users-chromium/test-failed-2.png
    ────────────────────────────────────────────────────────────────────────────────────────────────

    attachment #2: screenshot (image/png) ──────────────────────────────────────────────────────────
    ../test-results/collaboration-real-time-co-0bf2c--modifications-across-users-chromium/test-failed-1.png
    ────────────────────────────────────────────────────────────────────────────────────────────────

    Error Context: ../test-results/collaboration-real-time-co-0bf2c--modifications-across-users-chromium/error-context.md
]]>
</failure>
<system-out>
<![CDATA[
[[ATTACHMENT|test-results/collaboration-real-time-co-0bf2c--modifications-across-users-chromium/test-failed-2.png]]

[[ATTACHMENT|test-results/collaboration-real-time-co-0bf2c--modifications-across-users-chromium/test-failed-1.png]]

[[ATTACHMENT|test-results/collaboration-real-time-co-0bf2c--modifications-across-users-chromium/error-context.md]]
]]>
</system-out>
</testcase>
<testcase name="Real-time Collaboration Journey › should handle concurrent object creation without conflicts" classname="collaboration/real-time-collaboration.spec.ts" time="12.519">
<failure message="real-time-collaboration.spec.ts:129:3 should handle concurrent object creation without conflicts" type="FAILURE">
<![CDATA[  [chromium] › collaboration/real-time-collaboration.spec.ts:129:3 › Real-time Collaboration Journey › should handle concurrent object creation without conflicts 

    TimeoutError: page.click: Timeout 10000ms exceeded.
    Call log:
      - waiting for locator('.konvajs-content')
        - locator resolved to <div role="presentation" class="konvajs-content">…</div>
      - attempting click action
        2 × waiting for element to be visible, enabled and stable
          - element is visible, enabled and stable
          - scrolling into view if needed
          - done scrolling
          - <div class="flex flex-col items-center space-y-1">…</div> from <div data-testid="canvas-toolbar" class="↵        fixed z-50 bg-white rounded-lg shadow-lg border border-gray-200↵        transition-all duration-300 ease-in-out↵        cursor-grab↵        w-48↵      ">…</div> subtree intercepts pointer events
        - retrying click action
        - waiting 20ms
        2 × waiting for element to be visible, enabled and stable
          - element is visible, enabled and stable
          - scrolling into view if needed
          - done scrolling
          - <div class="flex flex-col items-center space-y-1">…</div> from <div data-testid="canvas-toolbar" class="↵        fixed z-50 bg-white rounded-lg shadow-lg border border-gray-200↵        transition-all duration-300 ease-in-out↵        cursor-grab↵        w-48↵      ">…</div> subtree intercepts pointer events
        - retrying click action
          - waiting 100ms
        15 × waiting for element to be visible, enabled and stable
           - element is visible, enabled and stable
           - scrolling into view if needed
           - done scrolling
           - <div class="flex flex-col items-center space-y-1">…</div> from <div data-testid="canvas-toolbar" class="↵        fixed z-50 bg-white rounded-lg shadow-lg border border-gray-200↵        transition-all duration-300 ease-in-out↵        cursor-grab↵        w-48↵      ">…</div> subtree intercepts pointer events
         - retrying click action
           - waiting 500ms
        - waiting for element to be visible, enabled and stable
        - element is visible, enabled and stable
        - scrolling into view if needed
        - done scrolling


      139 |       // User 1 creates a rectangle
      140 |       user1Page.click('[data-testid="tool-rectangle"]').then(() => 
    > 141 |         user1Page.click('.konvajs-content', { position: { x: 100, y: 100 } })
          |                   ^
      142 |       ),
      143 |       // User 2 creates a circle
      144 |       user2Page.click('[data-testid="tool-circle"]').then(() => 
        at /Users/joaocarlinho/gauntlet/24hr-mvp/collabcanvas-mvp-day7/frontend/playwright-tests/collaboration/real-time-collaboration.spec.ts:141:19
        at /Users/joaocarlinho/gauntlet/24hr-mvp/collabcanvas-mvp-day7/frontend/playwright-tests/collaboration/real-time-collaboration.spec.ts:138:5

    attachment #1: screenshot (image/png) ──────────────────────────────────────────────────────────
    ../test-results/collaboration-real-time-co-65b09--creation-without-conflicts-chromium/test-failed-1.png
    ────────────────────────────────────────────────────────────────────────────────────────────────

    attachment #2: screenshot (image/png) ──────────────────────────────────────────────────────────
    ../test-results/collaboration-real-time-co-65b09--creation-without-conflicts-chromium/test-failed-2.png
    ────────────────────────────────────────────────────────────────────────────────────────────────

    Error Context: ../test-results/collaboration-real-time-co-65b09--creation-without-conflicts-chromium/error-context.md
]]>
</failure>
<system-out>
<![CDATA[
[[ATTACHMENT|test-results/collaboration-real-time-co-65b09--creation-without-conflicts-chromium/test-failed-1.png]]

[[ATTACHMENT|test-results/collaboration-real-time-co-65b09--creation-without-conflicts-chromium/test-failed-2.png]]

[[ATTACHMENT|test-results/collaboration-real-time-co-65b09--creation-without-conflicts-chromium/error-context.md]]
]]>
</system-out>
</testcase>
<testcase name="Real-time Collaboration Journey › should show real-time cursor positions" classname="collaboration/real-time-collaboration.spec.ts" time="13.671">
<failure message="real-time-collaboration.spec.ts:160:3 should show real-time cursor positions" type="FAILURE">
<![CDATA[  [chromium] › collaboration/real-time-collaboration.spec.ts:160:3 › Real-time Collaboration Journey › should show real-time cursor positions 

    TimeoutError: page.hover: Timeout 10000ms exceeded.
    Call log:
      - waiting for locator('.konvajs-content')
        - locator resolved to <div role="presentation" class="konvajs-content">…</div>
      - attempting hover action
        - waiting for element to be visible and stable
        - element is visible and stable
        - scrolling into view if needed
        - done scrolling
        - <button aria-expanded="true" aria-controls="tool-group-shapes" class="w-full flex items-center justify-between p-3 hover:bg-gray-50 transition-colors duration-200 focus:outline-none focus:ring-2 focus:ring-blue-500 focus:ring-inset rounded-t-lg">…</button> from <div data-testid="canvas-toolbar" class="↵        fixed z-50 bg-white rounded-lg shadow-lg border border-gray-200↵        transition-all duration-300 ease-in-out↵        cursor-grab↵        w-48↵      ">…</div> subtree intercepts pointer events
      - retrying hover action
        - waiting for element to be visible and stable
        - element is visible and stable
        - scrolling into view if needed
        - done scrolling
        - <div id="tool-group-select" class="p-3 border-t border-gray-100">…</div> from <div data-testid="canvas-toolbar" class="↵        fixed z-50 bg-white rounded-lg shadow-lg border border-gray-200↵        transition-all duration-300 ease-in-out↵        cursor-grab↵        w-48↵      ">…</div> subtree intercepts pointer events
      - retrying hover action
        - waiting 20ms
        - waiting for element to be visible and stable
        - element is visible and stable
        - scrolling into view if needed
        - done scrolling
        - <div class="space-y-3">…</div> from <div data-testid="canvas-toolbar" class="↵        fixed z-50 bg-white rounded-lg shadow-lg border border-gray-200↵        transition-all duration-300 ease-in-out↵        cursor-grab↵        w-48↵      ">…</div> subtree intercepts pointer events
      2 × retrying hover action
          - waiting 100ms
          - waiting for element to be visible and stable
          - element is visible and stable
          - scrolling into view if needed
          - done scrolling
          - <button aria-expanded="true" aria-controls="tool-group-shapes" class="w-full flex items-center justify-between p-3 hover:bg-gray-50 transition-colors duration-200 focus:outline-none focus:ring-2 focus:ring-blue-500 focus:ring-inset rounded-t-lg">…</button> from <div data-testid="canvas-toolbar" class="↵        fixed z-50 bg-white rounded-lg shadow-lg border border-gray-200↵        transition-all duration-300 ease-in-out↵        cursor-grab↵        w-48↵      ">…</div> subtree intercepts pointer events
      3 × retrying hover action
          - waiting 500ms
          - waiting for element to be visible and stable
          - element is visible and stable
          - scrolling into view if needed
          - done scrolling
          - <div id="tool-group-select" class="p-3 border-t border-gray-100">…</div> from <div data-testid="canvas-toolbar" class="↵        fixed z-50 bg-white rounded-lg shadow-lg border border-gray-200↵        transition-all duration-300 ease-in-out↵        cursor-grab↵        w-48↵      ">…</div> subtree intercepts pointer events
        - retrying hover action
          - waiting 500ms
          - waiting for element to be visible and stable
          - element is visible and stable
          - scrolling into view if needed
          - done scrolling
          - <div class="space-y-3">…</div> from <div data-testid="canvas-toolbar" class="↵        fixed z-50 bg-white rounded-lg shadow-lg border border-gray-200↵        transition-all duration-300 ease-in-out↵        cursor-grab↵        w-48↵      ">…</div> subtree intercepts pointer events
        - retrying hover action
          - waiting 500ms
          - waiting for element to be visible and stable
          - element is visible and stable
          - scrolling into view if needed
          - done scrolling
          - <button aria-expanded="true" aria-controls="tool-group-shapes" class="w-full flex items-center justify-between p-3 hover:bg-gray-50 transition-colors duration-200 focus:outline-none focus:ring-2 focus:ring-blue-500 focus:ring-inset rounded-t-lg">…</button> from <div data-testid="canvas-toolbar" class="↵        fixed z-50 bg-white rounded-lg shadow-lg border border-gray-200↵        transition-all duration-300 ease-in-out↵        cursor-grab↵        w-48↵      ">…</div> subtree intercepts pointer events
        - retrying hover action
          - waiting 500ms
          - waiting for element to be visible and stable
          - element is visible and stable
          - scrolling into view if needed
          - done scrolling
          - <button aria-expanded="true" aria-controls="tool-group-shapes" class="w-full flex items-center justify-between p-3 hover:bg-gray-50 transition-colors duration-200 focus:outline-none focus:ring-2 focus:ring-blue-500 focus:ring-inset rounded-t-lg">…</button> from <div data-testid="canvas-toolbar" class="↵        fixed z-50 bg-white rounded-lg shadow-lg border border-gray-200↵        transition-all duration-300 ease-in-out↵        cursor-grab↵        w-48↵      ">…</div> subtree intercepts pointer events
      - retrying hover action
        - waiting 500ms
        - waiting for element to be visible and stable
        - element is visible and stable
        - scrolling into view if needed
        - done scrolling
        - <div id="tool-group-select" class="p-3 border-t border-gray-100">…</div> from <div data-testid="canvas-toolbar" class="↵        fixed z-50 bg-white rounded-lg shadow-lg border border-gray-200↵        transition-all duration-300 ease-in-out↵        cursor-grab↵        w-48↵      ">…</div> subtree intercepts pointer events
      - retrying hover action
        - waiting 500ms
        - waiting for element to be visible and stable
        - element is visible and stable
        - scrolling into view if needed
        - done scrolling
        - <div class="space-y-3">…</div> from <div data-testid="canvas-toolbar" class="↵        fixed z-50 bg-white rounded-lg shadow-lg border border-gray-200↵        transition-all duration-300 ease-in-out↵        cursor-grab↵        w-48↵      ">…</div> subtree intercepts pointer events
      - retrying hover action
        - waiting 500ms


      167 |     
      168 |     // User 1 moves cursor
    > 169 |     await user1Page.hover('.konvajs-content', { position: { x: 150, y: 150 } });
          |                     ^
      170 |     
      171 |     // Verify User 2 sees User 1's cursor
      172 |     await expect(user2Page.locator('[data-testid="user-cursor-user1"]')).toBeVisible();
        at /Users/joaocarlinho/gauntlet/24hr-mvp/collabcanvas-mvp-day7/frontend/playwright-tests/collaboration/real-time-collaboration.spec.ts:169:21

    attachment #1: screenshot (image/png) ──────────────────────────────────────────────────────────
    ../test-results/collaboration-real-time-co-5a5aa--real-time-cursor-positions-chromium/test-failed-1.png
    ────────────────────────────────────────────────────────────────────────────────────────────────

    attachment #2: screenshot (image/png) ──────────────────────────────────────────────────────────
    ../test-results/collaboration-real-time-co-5a5aa--real-time-cursor-positions-chromium/test-failed-2.png
    ────────────────────────────────────────────────────────────────────────────────────────────────

    Error Context: ../test-results/collaboration-real-time-co-5a5aa--real-time-cursor-positions-chromium/error-context.md
]]>
</failure>
<system-out>
<![CDATA[
[[ATTACHMENT|test-results/collaboration-real-time-co-5a5aa--real-time-cursor-positions-chromium/test-failed-1.png]]

[[ATTACHMENT|test-results/collaboration-real-time-co-5a5aa--real-time-cursor-positions-chromium/test-failed-2.png]]

[[ATTACHMENT|test-results/collaboration-real-time-co-5a5aa--real-time-cursor-positions-chromium/error-context.md]]
]]>
</system-out>
</testcase>
<testcase name="Real-time Collaboration Journey › should handle user disconnection and reconnection" classname="collaboration/real-time-collaboration.spec.ts" time="11.98">
<failure message="real-time-collaboration.spec.ts:181:3 should handle user disconnection and reconnection" type="FAILURE">
<![CDATA[  [chromium] › collaboration/real-time-collaboration.spec.ts:181:3 › Real-time Collaboration Journey › should handle user disconnection and reconnection 

    TimeoutError: page.click: Timeout 10000ms exceeded.
    Call log:
      - waiting for locator('.konvajs-content')
        - locator resolved to <div role="presentation" class="konvajs-content">…</div>
      - attempting click action
        2 × waiting for element to be visible, enabled and stable
          - element is visible, enabled and stable
          - scrolling into view if needed
          - done scrolling
          - <div class="flex flex-col items-center space-y-1">…</div> from <div data-testid="canvas-toolbar" class="↵        fixed z-50 bg-white rounded-lg shadow-lg border border-gray-200↵        transition-all duration-300 ease-in-out↵        cursor-grab↵        w-48↵      ">…</div> subtree intercepts pointer events
        - retrying click action
        - waiting 20ms
        2 × waiting for element to be visible, enabled and stable
          - element is visible, enabled and stable
          - scrolling into view if needed
          - done scrolling
          - <div class="flex flex-col items-center space-y-1">…</div> from <div data-testid="canvas-toolbar" class="↵        fixed z-50 bg-white rounded-lg shadow-lg border border-gray-200↵        transition-all duration-300 ease-in-out↵        cursor-grab↵        w-48↵      ">…</div> subtree intercepts pointer events
        - retrying click action
          - waiting 100ms
        16 × waiting for element to be visible, enabled and stable
           - element is visible, enabled and stable
           - scrolling into view if needed
           - done scrolling
           - <div class="flex flex-col items-center space-y-1">…</div> from <div data-testid="canvas-toolbar" class="↵        fixed z-50 bg-white rounded-lg shadow-lg border border-gray-200↵        transition-all duration-300 ease-in-out↵        cursor-grab↵        w-48↵      ">…</div> subtree intercepts pointer events
         - retrying click action
           - waiting 500ms


      189 |     // User 1 creates an object
      190 |     await user1Page.click('[data-testid="tool-rectangle"]');
    > 191 |     await user1Page.click('.konvajs-content', { position: { x: 100, y: 100 } });
          |                     ^
      192 |     await user1Page.waitForTimeout(1000);
      193 |     
      194 |     // User 2 disconnects (simulate network issue)
        at /Users/joaocarlinho/gauntlet/24hr-mvp/collabcanvas-mvp-day7/frontend/playwright-tests/collaboration/real-time-collaboration.spec.ts:191:21

    attachment #1: screenshot (image/png) ──────────────────────────────────────────────────────────
    ../test-results/collaboration-real-time-co-21a80-connection-and-reconnection-chromium/test-failed-2.png
    ────────────────────────────────────────────────────────────────────────────────────────────────

    attachment #2: screenshot (image/png) ──────────────────────────────────────────────────────────
    ../test-results/collaboration-real-time-co-21a80-connection-and-reconnection-chromium/test-failed-1.png
    ────────────────────────────────────────────────────────────────────────────────────────────────

    Error Context: ../test-results/collaboration-real-time-co-21a80-connection-and-reconnection-chromium/error-context.md
]]>
</failure>
<system-out>
<![CDATA[
[[ATTACHMENT|test-results/collaboration-real-time-co-21a80-connection-and-reconnection-chromium/test-failed-2.png]]

[[ATTACHMENT|test-results/collaboration-real-time-co-21a80-connection-and-reconnection-chromium/test-failed-1.png]]

[[ATTACHMENT|test-results/collaboration-real-time-co-21a80-connection-and-reconnection-chromium/error-context.md]]
]]>
</system-out>
</testcase>
<testcase name="Real-time Collaboration Journey › should handle canvas permissions and access control" classname="collaboration/real-time-collaboration.spec.ts" time="11.483">
<failure message="real-time-collaboration.spec.ts:214:3 should handle canvas permissions and access control" type="FAILURE">
<![CDATA[  [chromium] › collaboration/real-time-collaboration.spec.ts:214:3 › Real-time Collaboration Journey › should handle canvas permissions and access control 

    TimeoutError: page.fill: Timeout 10000ms exceeded.
    Call log:
      - waiting for locator('[data-testid="canvas-name-input"]')


      216 |     await user1Page.goto('/');
      217 |     await user1Page.click('[data-testid="create-canvas-button"]');
    > 218 |     await user1Page.fill('[data-testid="canvas-name-input"]', 'Private Collaboration Canvas');
          |                     ^
      219 |     await user1Page.selectOption('[data-testid="canvas-visibility-select"]', 'private');
      220 |     await user1Page.click('[data-testid="create-canvas-submit"]');
      221 |     
        at /Users/joaocarlinho/gauntlet/24hr-mvp/collabcanvas-mvp-day7/frontend/playwright-tests/collaboration/real-time-collaboration.spec.ts:218:21

    attachment #1: screenshot (image/png) ──────────────────────────────────────────────────────────
    ../test-results/collaboration-real-time-co-1c0c1-missions-and-access-control-chromium/test-failed-1.png
    ────────────────────────────────────────────────────────────────────────────────────────────────

    attachment #2: screenshot (image/png) ──────────────────────────────────────────────────────────
    ../test-results/collaboration-real-time-co-1c0c1-missions-and-access-control-chromium/test-failed-2.png
    ────────────────────────────────────────────────────────────────────────────────────────────────

    Error Context: ../test-results/collaboration-real-time-co-1c0c1-missions-and-access-control-chromium/error-context.md
]]>
</failure>
<system-out>
<![CDATA[
[[ATTACHMENT|test-results/collaboration-real-time-co-1c0c1-missions-and-access-control-chromium/test-failed-1.png]]

[[ATTACHMENT|test-results/collaboration-real-time-co-1c0c1-missions-and-access-control-chromium/test-failed-2.png]]

[[ATTACHMENT|test-results/collaboration-real-time-co-1c0c1-missions-and-access-control-chromium/error-context.md]]
]]>
</system-out>
</testcase>
</testsuite>
<testsuite name="cross-browser/cross-browser-compatibility.spec.ts" timestamp="2025-10-20T20:29:13.645Z" hostname="chromium" tests="10" failures="10" skipped="0" time="97.387" errors="0">
<testcase name="Cross-Browser Compatibility › should load canvas interface consistently across browsers" classname="cross-browser/cross-browser-compatibility.spec.ts" time="2.414">
<failure message="cross-browser-compatibility.spec.ts:26:3 should load canvas interface consistently across browsers" type="FAILURE">
<![CDATA[  [chromium] › cross-browser/cross-browser-compatibility.spec.ts:26:3 › Cross-Browser Compatibility › should load canvas interface consistently across browsers 

    TypeError: _page$context$browser.name is not a function

      37 |     // Take screenshot for visual comparison
      38 |     await page.screenshot({ 
    > 39 |       path: `playwright-tests/screenshots/cross-browser-${page.context().browser()?.name()}-canvas.png`,
         |                                                                                     ^
      40 |       fullPage: true 
      41 |     });
      42 |   });
        at /Users/joaocarlinho/gauntlet/24hr-mvp/collabcanvas-mvp-day7/frontend/playwright-tests/cross-browser/cross-browser-compatibility.spec.ts:39:85

    attachment #1: screenshot (image/png) ──────────────────────────────────────────────────────────
    ../test-results/cross-browser-cross-browse-75388-onsistently-across-browsers-chromium/test-failed-1.png
    ────────────────────────────────────────────────────────────────────────────────────────────────

    attachment #2: video (video/webm) ──────────────────────────────────────────────────────────────
    ../test-results/cross-browser-cross-browse-75388-onsistently-across-browsers-chromium/video.webm
    ────────────────────────────────────────────────────────────────────────────────────────────────

    Error Context: ../test-results/cross-browser-cross-browse-75388-onsistently-across-browsers-chromium/error-context.md
]]>
</failure>
<system-out>
<![CDATA[
[[ATTACHMENT|test-results/cross-browser-cross-browse-75388-onsistently-across-browsers-chromium/test-failed-1.png]]

[[ATTACHMENT|test-results/cross-browser-cross-browse-75388-onsistently-across-browsers-chromium/video.webm]]

[[ATTACHMENT|test-results/cross-browser-cross-browse-75388-onsistently-across-browsers-chromium/error-context.md]]
]]>
</system-out>
</testcase>
<testcase name="Cross-Browser Compatibility › should handle canvas interactions consistently" classname="cross-browser/cross-browser-compatibility.spec.ts" time="12.528">
<failure message="cross-browser-compatibility.spec.ts:44:3 should handle canvas interactions consistently" type="FAILURE">
<![CDATA[  [chromium] › cross-browser/cross-browser-compatibility.spec.ts:44:3 › Cross-Browser Compatibility › should handle canvas interactions consistently 

    TimeoutError: page.click: Timeout 10000ms exceeded.
    Call log:
      - waiting for locator('.konvajs-content')
        - locator resolved to <div role="presentation" class="konvajs-content">…</div>
      - attempting click action
        2 × waiting for element to be visible, enabled and stable
          - element is visible, enabled and stable
          - scrolling into view if needed
          - done scrolling
          - <div class="flex flex-col items-center space-y-1">…</div> from <div data-testid="canvas-toolbar" class="↵        fixed z-50 bg-white rounded-lg shadow-lg border border-gray-200↵        transition-all duration-300 ease-in-out↵        cursor-grab↵        w-48↵      ">…</div> subtree intercepts pointer events
        - retrying click action
        - waiting 20ms
        2 × waiting for element to be visible, enabled and stable
          - element is visible, enabled and stable
          - scrolling into view if needed
          - done scrolling
          - <div class="flex flex-col items-center space-y-1">…</div> from <div data-testid="canvas-toolbar" class="↵        fixed z-50 bg-white rounded-lg shadow-lg border border-gray-200↵        transition-all duration-300 ease-in-out↵        cursor-grab↵        w-48↵      ">…</div> subtree intercepts pointer events
        - retrying click action
          - waiting 100ms
        16 × waiting for element to be visible, enabled and stable
           - element is visible, enabled and stable
           - scrolling into view if needed
           - done scrolling
           - <div class="flex flex-col items-center space-y-1">…</div> from <div data-testid="canvas-toolbar" class="↵        fixed z-50 bg-white rounded-lg shadow-lg border border-gray-200↵        transition-all duration-300 ease-in-out↵        cursor-grab↵        w-48↵      ">…</div> subtree intercepts pointer events
         - retrying click action
           - waiting 500ms


      50 |     // Test rectangle tool
      51 |     await page.click('[data-testid="tool-rectangle"]');
    > 52 |     await page.click('.konvajs-content', { position: { x: 100, y: 100 } });
         |                ^
      53 |     
      54 |     // Wait for object creation
      55 |     await page.waitForTimeout(1000);
        at /Users/joaocarlinho/gauntlet/24hr-mvp/collabcanvas-mvp-day7/frontend/playwright-tests/cross-browser/cross-browser-compatibility.spec.ts:52:16

    attachment #1: screenshot (image/png) ──────────────────────────────────────────────────────────
    ../test-results/cross-browser-cross-browse-0f113-s-interactions-consistently-chromium/test-failed-1.png
    ────────────────────────────────────────────────────────────────────────────────────────────────

    attachment #2: video (video/webm) ──────────────────────────────────────────────────────────────
    ../test-results/cross-browser-cross-browse-0f113-s-interactions-consistently-chromium/video.webm
    ────────────────────────────────────────────────────────────────────────────────────────────────

    Error Context: ../test-results/cross-browser-cross-browse-0f113-s-interactions-consistently-chromium/error-context.md
]]>
</failure>
<system-out>
<![CDATA[
[[ATTACHMENT|test-results/cross-browser-cross-browse-0f113-s-interactions-consistently-chromium/test-failed-1.png]]

[[ATTACHMENT|test-results/cross-browser-cross-browse-0f113-s-interactions-consistently-chromium/video.webm]]

[[ATTACHMENT|test-results/cross-browser-cross-browse-0f113-s-interactions-consistently-chromium/error-context.md]]
]]>
</system-out>
</testcase>
<testcase name="Cross-Browser Compatibility › should handle text rendering consistently" classname="cross-browser/cross-browser-compatibility.spec.ts" time="12.77">
<failure message="cross-browser-compatibility.spec.ts:76:3 should handle text rendering consistently" type="FAILURE">
<![CDATA[  [chromium] › cross-browser/cross-browser-compatibility.spec.ts:76:3 › Cross-Browser Compatibility › should handle text rendering consistently 

    TimeoutError: page.click: Timeout 10000ms exceeded.
    Call log:
      - waiting for locator('.konvajs-content')
        - locator resolved to <div role="presentation" class="konvajs-content">…</div>
      - attempting click action
        - waiting for element to be visible, enabled and stable
        - element is visible, enabled and stable
        - scrolling into view if needed
        - done scrolling
        - <div id="tool-group-text" class="p-3 border-t border-gray-100">…</div> from <div data-testid="canvas-toolbar" class="↵        fixed z-50 bg-white rounded-lg shadow-lg border border-gray-200↵        transition-all duration-300 ease-in-out↵        cursor-grab↵        w-48↵      ">…</div> subtree intercepts pointer events
      - retrying click action
        - waiting for element to be visible, enabled and stable
        - element is visible, enabled and stable
        - scrolling into view if needed
        - done scrolling
        - <button aria-expanded="true" aria-controls="tool-group-text" class="w-full flex items-center justify-between p-3 hover:bg-gray-50 transition-colors duration-200 focus:outline-none focus:ring-2 focus:ring-blue-500 focus:ring-inset rounded-t-lg">…</button> from <div data-testid="canvas-toolbar" class="↵        fixed z-50 bg-white rounded-lg shadow-lg border border-gray-200↵        transition-all duration-300 ease-in-out↵        cursor-grab↵        w-48↵      ">…</div> subtree intercepts pointer events
      - retrying click action
        - waiting 20ms
        - waiting for element to be visible, enabled and stable
        - element is visible, enabled and stable
        - scrolling into view if needed
        - done scrolling
        - <button aria-expanded="true" aria-controls="tool-group-text" class="w-full flex items-center justify-between p-3 hover:bg-gray-50 transition-colors duration-200 focus:outline-none focus:ring-2 focus:ring-blue-500 focus:ring-inset rounded-t-lg">…</button> from <div data-testid="canvas-toolbar" class="↵        fixed z-50 bg-white rounded-lg shadow-lg border border-gray-200↵        transition-all duration-300 ease-in-out↵        cursor-grab↵        w-48↵      ">…</div> subtree intercepts pointer events
      2 × retrying click action
          - waiting 100ms
          - waiting for element to be visible, enabled and stable
          - element is visible, enabled and stable
          - scrolling into view if needed
          - done scrolling
          - <div id="tool-group-text" class="p-3 border-t border-gray-100">…</div> from <div data-testid="canvas-toolbar" class="↵        fixed z-50 bg-white rounded-lg shadow-lg border border-gray-200↵        transition-all duration-300 ease-in-out↵        cursor-grab↵        w-48↵      ">…</div> subtree intercepts pointer events
      3 × retrying click action
          - waiting 500ms
          - waiting for element to be visible, enabled and stable
          - element is visible, enabled and stable
          - scrolling into view if needed
          - done scrolling
          - <button aria-expanded="true" aria-controls="tool-group-text" class="w-full flex items-center justify-between p-3 hover:bg-gray-50 transition-colors duration-200 focus:outline-none focus:ring-2 focus:ring-blue-500 focus:ring-inset rounded-t-lg">…</button> from <div data-testid="canvas-toolbar" class="↵        fixed z-50 bg-white rounded-lg shadow-lg border border-gray-200↵        transition-all duration-300 ease-in-out↵        cursor-grab↵        w-48↵      ">…</div> subtree intercepts pointer events
        - retrying click action
          - waiting 500ms
          - waiting for element to be visible, enabled and stable
          - element is visible, enabled and stable
          - scrolling into view if needed
          - done scrolling
          - <button aria-expanded="true" aria-controls="tool-group-text" class="w-full flex items-center justify-between p-3 hover:bg-gray-50 transition-colors duration-200 focus:outline-none focus:ring-2 focus:ring-blue-500 focus:ring-inset rounded-t-lg">…</button> from <div data-testid="canvas-toolbar" class="↵        fixed z-50 bg-white rounded-lg shadow-lg border border-gray-200↵        transition-all duration-300 ease-in-out↵        cursor-grab↵        w-48↵      ">…</div> subtree intercepts pointer events
        - retrying click action
          - waiting 500ms
          - waiting for element to be visible, enabled and stable
          - element is visible, enabled and stable
          - scrolling into view if needed
          - done scrolling
          - <div id="tool-group-text" class="p-3 border-t border-gray-100">…</div> from <div data-testid="canvas-toolbar" class="↵        fixed z-50 bg-white rounded-lg shadow-lg border border-gray-200↵        transition-all duration-300 ease-in-out↵        cursor-grab↵        w-48↵      ">…</div> subtree intercepts pointer events
        - retrying click action
          - waiting 500ms
          - waiting for element to be visible, enabled and stable
          - element is visible, enabled and stable
          - scrolling into view if needed
          - done scrolling
          - <div id="tool-group-text" class="p-3 border-t border-gray-100">…</div> from <div data-testid="canvas-toolbar" class="↵        fixed z-50 bg-white rounded-lg shadow-lg border border-gray-200↵        transition-all duration-300 ease-in-out↵        cursor-grab↵        w-48↵      ">…</div> subtree intercepts pointer events
      2 × retrying click action
          - waiting 500ms
          - waiting for element to be visible, enabled and stable
          - element is visible, enabled and stable
          - scrolling into view if needed
          - done scrolling
          - <button aria-expanded="true" aria-controls="tool-group-text" class="w-full flex items-center justify-between p-3 hover:bg-gray-50 transition-colors duration-200 focus:outline-none focus:ring-2 focus:ring-blue-500 focus:ring-inset rounded-t-lg">…</button> from <div data-testid="canvas-toolbar" class="↵        fixed z-50 bg-white rounded-lg shadow-lg border border-gray-200↵        transition-all duration-300 ease-in-out↵        cursor-grab↵        w-48↵      ">…</div> subtree intercepts pointer events
      - retrying click action
        - waiting 500ms
        - waiting for element to be visible, enabled and stable
        - element is visible, enabled and stable
        - scrolling into view if needed
        - done scrolling
        - <div id="tool-group-text" class="p-3 border-t border-gray-100">…</div> from <div data-testid="canvas-toolbar" class="↵        fixed z-50 bg-white rounded-lg shadow-lg border border-gray-200↵        transition-all duration-300 ease-in-out↵        cursor-grab↵        w-48↵      ">…</div> subtree intercepts pointer events
      - retrying click action
        - waiting 500ms


      81 |     // Test text tool
      82 |     await page.click('[data-testid="tool-text"]');
    > 83 |     await page.click('.konvajs-content', { position: { x: 150, y: 150 } });
         |                ^
      84 |     
      85 |     // Type text
      86 |     await page.keyboard.type('Cross-Browser Test Text');
        at /Users/joaocarlinho/gauntlet/24hr-mvp/collabcanvas-mvp-day7/frontend/playwright-tests/cross-browser/cross-browser-compatibility.spec.ts:83:16

    attachment #1: screenshot (image/png) ──────────────────────────────────────────────────────────
    ../test-results/cross-browser-cross-browse-f3de2-text-rendering-consistently-chromium/test-failed-1.png
    ────────────────────────────────────────────────────────────────────────────────────────────────

    attachment #2: video (video/webm) ──────────────────────────────────────────────────────────────
    ../test-results/cross-browser-cross-browse-f3de2-text-rendering-consistently-chromium/video.webm
    ────────────────────────────────────────────────────────────────────────────────────────────────

    Error Context: ../test-results/cross-browser-cross-browse-f3de2-text-rendering-consistently-chromium/error-context.md
]]>
</failure>
<system-out>
<![CDATA[
[[ATTACHMENT|test-results/cross-browser-cross-browse-f3de2-text-rendering-consistently-chromium/test-failed-1.png]]

[[ATTACHMENT|test-results/cross-browser-cross-browse-f3de2-text-rendering-consistently-chromium/video.webm]]

[[ATTACHMENT|test-results/cross-browser-cross-browse-f3de2-text-rendering-consistently-chromium/error-context.md]]
]]>
</system-out>
</testcase>
<testcase name="Cross-Browser Compatibility › should handle color picker consistently" classname="cross-browser/cross-browser-compatibility.spec.ts" time="11.895">
<failure message="cross-browser-compatibility.spec.ts:101:3 should handle color picker consistently" type="FAILURE">
<![CDATA[  [chromium] › cross-browser/cross-browser-compatibility.spec.ts:101:3 › Cross-Browser Compatibility › should handle color picker consistently 

    TimeoutError: page.click: Timeout 10000ms exceeded.
    Call log:
      - waiting for locator('.konvajs-content')
        - locator resolved to <div role="presentation" class="konvajs-content">…</div>
      - attempting click action
        2 × waiting for element to be visible, enabled and stable
          - element is visible, enabled and stable
          - scrolling into view if needed
          - done scrolling
          - <div class="flex flex-col items-center space-y-1">…</div> from <div data-testid="canvas-toolbar" class="↵        fixed z-50 bg-white rounded-lg shadow-lg border border-gray-200↵        transition-all duration-300 ease-in-out↵        cursor-grab↵        w-48↵      ">…</div> subtree intercepts pointer events
        - retrying click action
        - waiting 20ms
        2 × waiting for element to be visible, enabled and stable
          - element is visible, enabled and stable
          - scrolling into view if needed
          - done scrolling
          - <div class="flex flex-col items-center space-y-1">…</div> from <div data-testid="canvas-toolbar" class="↵        fixed z-50 bg-white rounded-lg shadow-lg border border-gray-200↵        transition-all duration-300 ease-in-out↵        cursor-grab↵        w-48↵      ">…</div> subtree intercepts pointer events
        - retrying click action
          - waiting 100ms
        16 × waiting for element to be visible, enabled and stable
           - element is visible, enabled and stable
           - scrolling into view if needed
           - done scrolling
           - <div class="flex flex-col items-center space-y-1">…</div> from <div data-testid="canvas-toolbar" class="↵        fixed z-50 bg-white rounded-lg shadow-lg border border-gray-200↵        transition-all duration-300 ease-in-out↵        cursor-grab↵        w-48↵      ">…</div> subtree intercepts pointer events
         - retrying click action
           - waiting 500ms


      106 |     // Create an object first
      107 |     await page.click('[data-testid="tool-rectangle"]');
    > 108 |     await page.click('.konvajs-content', { position: { x: 100, y: 100 } });
          |                ^
      109 |     await page.waitForTimeout(1000);
      110 |     
      111 |     // Select the object
        at /Users/joaocarlinho/gauntlet/24hr-mvp/collabcanvas-mvp-day7/frontend/playwright-tests/cross-browser/cross-browser-compatibility.spec.ts:108:16

    attachment #1: screenshot (image/png) ──────────────────────────────────────────────────────────
    ../test-results/cross-browser-cross-browse-49601-e-color-picker-consistently-chromium/test-failed-1.png
    ────────────────────────────────────────────────────────────────────────────────────────────────

    attachment #2: video (video/webm) ──────────────────────────────────────────────────────────────
    ../test-results/cross-browser-cross-browse-49601-e-color-picker-consistently-chromium/video.webm
    ────────────────────────────────────────────────────────────────────────────────────────────────

    Error Context: ../test-results/cross-browser-cross-browse-49601-e-color-picker-consistently-chromium/error-context.md
]]>
</failure>
<system-out>
<![CDATA[
[[ATTACHMENT|test-results/cross-browser-cross-browse-49601-e-color-picker-consistently-chromium/test-failed-1.png]]

[[ATTACHMENT|test-results/cross-browser-cross-browse-49601-e-color-picker-consistently-chromium/video.webm]]

[[ATTACHMENT|test-results/cross-browser-cross-browse-49601-e-color-picker-consistently-chromium/error-context.md]]
]]>
</system-out>
</testcase>
<testcase name="Cross-Browser Compatibility › should handle keyboard shortcuts consistently" classname="cross-browser/cross-browser-compatibility.spec.ts" time="12.376">
<failure message="cross-browser-compatibility.spec.ts:131:3 should handle keyboard shortcuts consistently" type="FAILURE">
<![CDATA[  [chromium] › cross-browser/cross-browser-compatibility.spec.ts:131:3 › Cross-Browser Compatibility › should handle keyboard shortcuts consistently 

    TimeoutError: page.click: Timeout 10000ms exceeded.
    Call log:
      - waiting for locator('.konvajs-content')
        - locator resolved to <div role="presentation" class="konvajs-content">…</div>
      - attempting click action
        2 × waiting for element to be visible, enabled and stable
          - element is visible, enabled and stable
          - scrolling into view if needed
          - done scrolling
          - <div class="flex flex-col items-center space-y-1">…</div> from <div data-testid="canvas-toolbar" class="↵        fixed z-50 bg-white rounded-lg shadow-lg border border-gray-200↵        transition-all duration-300 ease-in-out↵        cursor-grab↵        w-48↵      ">…</div> subtree intercepts pointer events
        - retrying click action
        - waiting 20ms
        2 × waiting for element to be visible, enabled and stable
          - element is visible, enabled and stable
          - scrolling into view if needed
          - done scrolling
          - <div class="flex flex-col items-center space-y-1">…</div> from <div data-testid="canvas-toolbar" class="↵        fixed z-50 bg-white rounded-lg shadow-lg border border-gray-200↵        transition-all duration-300 ease-in-out↵        cursor-grab↵        w-48↵      ">…</div> subtree intercepts pointer events
        - retrying click action
          - waiting 100ms
        16 × waiting for element to be visible, enabled and stable
           - element is visible, enabled and stable
           - scrolling into view if needed
           - done scrolling
           - <div class="flex flex-col items-center space-y-1">…</div> from <div data-testid="canvas-toolbar" class="↵        fixed z-50 bg-white rounded-lg shadow-lg border border-gray-200↵        transition-all duration-300 ease-in-out↵        cursor-grab↵        w-48↵      ">…</div> subtree intercepts pointer events
         - retrying click action
           - waiting 500ms


      136 |     // Create an object
      137 |     await page.click('[data-testid="tool-rectangle"]');
    > 138 |     await page.click('.konvajs-content', { position: { x: 100, y: 100 } });
          |                ^
      139 |     await page.waitForTimeout(1000);
      140 |     
      141 |     // Select object
        at /Users/joaocarlinho/gauntlet/24hr-mvp/collabcanvas-mvp-day7/frontend/playwright-tests/cross-browser/cross-browser-compatibility.spec.ts:138:16

    attachment #1: screenshot (image/png) ──────────────────────────────────────────────────────────
    ../test-results/cross-browser-cross-browse-de581-oard-shortcuts-consistently-chromium/test-failed-1.png
    ────────────────────────────────────────────────────────────────────────────────────────────────

    attachment #2: video (video/webm) ──────────────────────────────────────────────────────────────
    ../test-results/cross-browser-cross-browse-de581-oard-shortcuts-consistently-chromium/video.webm
    ────────────────────────────────────────────────────────────────────────────────────────────────

    Error Context: ../test-results/cross-browser-cross-browse-de581-oard-shortcuts-consistently-chromium/error-context.md
]]>
</failure>
<system-out>
<![CDATA[
[[ATTACHMENT|test-results/cross-browser-cross-browse-de581-oard-shortcuts-consistently-chromium/test-failed-1.png]]

[[ATTACHMENT|test-results/cross-browser-cross-browse-de581-oard-shortcuts-consistently-chromium/video.webm]]

[[ATTACHMENT|test-results/cross-browser-cross-browse-de581-oard-shortcuts-consistently-chromium/error-context.md]]
]]>
</system-out>
</testcase>
<testcase name="Cross-Browser Compatibility › should handle drag and drop consistently" classname="cross-browser/cross-browser-compatibility.spec.ts" time="12.385">
<failure message="cross-browser-compatibility.spec.ts:167:3 should handle drag and drop consistently" type="FAILURE">
<![CDATA[  [chromium] › cross-browser/cross-browser-compatibility.spec.ts:167:3 › Cross-Browser Compatibility › should handle drag and drop consistently 

    TimeoutError: page.click: Timeout 10000ms exceeded.
    Call log:
      - waiting for locator('.konvajs-content')
        - locator resolved to <div role="presentation" class="konvajs-content">…</div>
      - attempting click action
        2 × waiting for element to be visible, enabled and stable
          - element is visible, enabled and stable
          - scrolling into view if needed
          - done scrolling
          - <div class="flex flex-col items-center space-y-1">…</div> from <div data-testid="canvas-toolbar" class="↵        fixed z-50 bg-white rounded-lg shadow-lg border border-gray-200↵        transition-all duration-300 ease-in-out↵        cursor-grab↵        w-48↵      ">…</div> subtree intercepts pointer events
        - retrying click action
        - waiting 20ms
        2 × waiting for element to be visible, enabled and stable
          - element is visible, enabled and stable
          - scrolling into view if needed
          - done scrolling
          - <div class="flex flex-col items-center space-y-1">…</div> from <div data-testid="canvas-toolbar" class="↵        fixed z-50 bg-white rounded-lg shadow-lg border border-gray-200↵        transition-all duration-300 ease-in-out↵        cursor-grab↵        w-48↵      ">…</div> subtree intercepts pointer events
        - retrying click action
          - waiting 100ms
        16 × waiting for element to be visible, enabled and stable
           - element is visible, enabled and stable
           - scrolling into view if needed
           - done scrolling
           - <div class="flex flex-col items-center space-y-1">…</div> from <div data-testid="canvas-toolbar" class="↵        fixed z-50 bg-white rounded-lg shadow-lg border border-gray-200↵        transition-all duration-300 ease-in-out↵        cursor-grab↵        w-48↵      ">…</div> subtree intercepts pointer events
         - retrying click action
           - waiting 500ms


      172 |     // Create an object
      173 |     await page.click('[data-testid="tool-rectangle"]');
    > 174 |     await page.click('.konvajs-content', { position: { x: 100, y: 100 } });
          |                ^
      175 |     await page.waitForTimeout(1000);
      176 |     
      177 |     // Get initial position
        at /Users/joaocarlinho/gauntlet/24hr-mvp/collabcanvas-mvp-day7/frontend/playwright-tests/cross-browser/cross-browser-compatibility.spec.ts:174:16

    attachment #1: screenshot (image/png) ──────────────────────────────────────────────────────────
    ../test-results/cross-browser-cross-browse-fb653--drag-and-drop-consistently-chromium/test-failed-1.png
    ────────────────────────────────────────────────────────────────────────────────────────────────

    attachment #2: video (video/webm) ──────────────────────────────────────────────────────────────
    ../test-results/cross-browser-cross-browse-fb653--drag-and-drop-consistently-chromium/video.webm
    ────────────────────────────────────────────────────────────────────────────────────────────────

    Error Context: ../test-results/cross-browser-cross-browse-fb653--drag-and-drop-consistently-chromium/error-context.md
]]>
</failure>
<system-out>
<![CDATA[
[[ATTACHMENT|test-results/cross-browser-cross-browse-fb653--drag-and-drop-consistently-chromium/test-failed-1.png]]

[[ATTACHMENT|test-results/cross-browser-cross-browse-fb653--drag-and-drop-consistently-chromium/video.webm]]

[[ATTACHMENT|test-results/cross-browser-cross-browse-fb653--drag-and-drop-consistently-chromium/error-context.md]]
]]>
</system-out>
</testcase>
<testcase name="Cross-Browser Compatibility › should handle zoom functionality consistently" classname="cross-browser/cross-browser-compatibility.spec.ts" time="12.539">
<failure message="cross-browser-compatibility.spec.ts:204:3 should handle zoom functionality consistently" type="FAILURE">
<![CDATA[  [chromium] › cross-browser/cross-browser-compatibility.spec.ts:204:3 › Cross-Browser Compatibility › should handle zoom functionality consistently 

    TimeoutError: page.click: Timeout 10000ms exceeded.
    Call log:
      - waiting for locator('[data-testid="zoom-in-button"]')


      208 |     
      209 |     // Test zoom in
    > 210 |     await page.click('[data-testid="zoom-in-button"]');
          |                ^
      211 |     await page.waitForTimeout(500);
      212 |     
      213 |     // Test zoom out
        at /Users/joaocarlinho/gauntlet/24hr-mvp/collabcanvas-mvp-day7/frontend/playwright-tests/cross-browser/cross-browser-compatibility.spec.ts:210:16

    attachment #1: screenshot (image/png) ──────────────────────────────────────────────────────────
    ../test-results/cross-browser-cross-browse-26c7e--functionality-consistently-chromium/test-failed-1.png
    ────────────────────────────────────────────────────────────────────────────────────────────────

    attachment #2: video (video/webm) ──────────────────────────────────────────────────────────────
    ../test-results/cross-browser-cross-browse-26c7e--functionality-consistently-chromium/video.webm
    ────────────────────────────────────────────────────────────────────────────────────────────────

    Error Context: ../test-results/cross-browser-cross-browse-26c7e--functionality-consistently-chromium/error-context.md
]]>
</failure>
<system-out>
<![CDATA[
[[ATTACHMENT|test-results/cross-browser-cross-browse-26c7e--functionality-consistently-chromium/test-failed-1.png]]

[[ATTACHMENT|test-results/cross-browser-cross-browse-26c7e--functionality-consistently-chromium/video.webm]]

[[ATTACHMENT|test-results/cross-browser-cross-browse-26c7e--functionality-consistently-chromium/error-context.md]]
]]>
</system-out>
</testcase>
<testcase name="Cross-Browser Compatibility › should handle responsive design consistently" classname="cross-browser/cross-browser-compatibility.spec.ts" time="2.002">
<failure message="cross-browser-compatibility.spec.ts:231:3 should handle responsive design consistently" type="FAILURE">
<![CDATA[  [chromium] › cross-browser/cross-browser-compatibility.spec.ts:231:3 › Cross-Browser Compatibility › should handle responsive design consistently 

    TypeError: _page$context$browser7.name is not a function

      250 |       // Take screenshot for each viewport
      251 |       await page.screenshot({ 
    > 252 |         path: `playwright-tests/screenshots/cross-browser-${page.context().browser()?.name()}-${viewport.name}.png`,
          |                                                                                       ^
      253 |         fullPage: true 
      254 |       });
      255 |     }
        at /Users/joaocarlinho/gauntlet/24hr-mvp/collabcanvas-mvp-day7/frontend/playwright-tests/cross-browser/cross-browser-compatibility.spec.ts:252:87

    attachment #1: screenshot (image/png) ──────────────────────────────────────────────────────────
    ../test-results/cross-browser-cross-browse-615de-ponsive-design-consistently-chromium/test-failed-1.png
    ────────────────────────────────────────────────────────────────────────────────────────────────

    attachment #2: video (video/webm) ──────────────────────────────────────────────────────────────
    ../test-results/cross-browser-cross-browse-615de-ponsive-design-consistently-chromium/video.webm
    ────────────────────────────────────────────────────────────────────────────────────────────────

    Error Context: ../test-results/cross-browser-cross-browse-615de-ponsive-design-consistently-chromium/error-context.md
]]>
</failure>
<system-out>
<![CDATA[
[[ATTACHMENT|test-results/cross-browser-cross-browse-615de-ponsive-design-consistently-chromium/test-failed-1.png]]

[[ATTACHMENT|test-results/cross-browser-cross-browse-615de-ponsive-design-consistently-chromium/video.webm]]

[[ATTACHMENT|test-results/cross-browser-cross-browse-615de-ponsive-design-consistently-chromium/error-context.md]]
]]>
</system-out>
</testcase>
<testcase name="Cross-Browser Compatibility › should handle WebSocket connections consistently" classname="cross-browser/cross-browser-compatibility.spec.ts" time="12.188">
<failure message="cross-browser-compatibility.spec.ts:258:3 should handle WebSocket connections consistently" type="FAILURE">
<![CDATA[  [chromium] › cross-browser/cross-browser-compatibility.spec.ts:258:3 › Cross-Browser Compatibility › should handle WebSocket connections consistently 

    TimeoutError: page.click: Timeout 10000ms exceeded.
    Call log:
      - waiting for locator('.konvajs-content')
        - locator resolved to <div role="presentation" class="konvajs-content">…</div>
      - attempting click action
        2 × waiting for element to be visible, enabled and stable
          - element is visible, enabled and stable
          - scrolling into view if needed
          - done scrolling
          - <div class="flex flex-col items-center space-y-1">…</div> from <div data-testid="canvas-toolbar" class="↵        fixed z-50 bg-white rounded-lg shadow-lg border border-gray-200↵        transition-all duration-300 ease-in-out↵        cursor-grab↵        w-48↵      ">…</div> subtree intercepts pointer events
        - retrying click action
        - waiting 20ms
        2 × waiting for element to be visible, enabled and stable
          - element is visible, enabled and stable
          - scrolling into view if needed
          - done scrolling
          - <div class="flex flex-col items-center space-y-1">…</div> from <div data-testid="canvas-toolbar" class="↵        fixed z-50 bg-white rounded-lg shadow-lg border border-gray-200↵        transition-all duration-300 ease-in-out↵        cursor-grab↵        w-48↵      ">…</div> subtree intercepts pointer events
        - retrying click action
          - waiting 100ms
        16 × waiting for element to be visible, enabled and stable
           - element is visible, enabled and stable
           - scrolling into view if needed
           - done scrolling
           - <div class="flex flex-col items-center space-y-1">…</div> from <div data-testid="canvas-toolbar" class="↵        fixed z-50 bg-white rounded-lg shadow-lg border border-gray-200↵        transition-all duration-300 ease-in-out↵        cursor-grab↵        w-48↵      ">…</div> subtree intercepts pointer events
         - retrying click action
           - waiting 500ms


      272 |     // Test real-time collaboration (simulate)
      273 |     await page.click('[data-testid="tool-rectangle"]');
    > 274 |     await page.click('.konvajs-content', { position: { x: 100, y: 100 } });
          |                ^
      275 |     
      276 |     await page.waitForTimeout(1000);
      277 |     
        at /Users/joaocarlinho/gauntlet/24hr-mvp/collabcanvas-mvp-day7/frontend/playwright-tests/cross-browser/cross-browser-compatibility.spec.ts:274:16

    attachment #1: screenshot (image/png) ──────────────────────────────────────────────────────────
    ../test-results/cross-browser-cross-browse-b5a97-et-connections-consistently-chromium/test-failed-1.png
    ────────────────────────────────────────────────────────────────────────────────────────────────

    attachment #2: video (video/webm) ──────────────────────────────────────────────────────────────
    ../test-results/cross-browser-cross-browse-b5a97-et-connections-consistently-chromium/video.webm
    ────────────────────────────────────────────────────────────────────────────────────────────────

    Error Context: ../test-results/cross-browser-cross-browse-b5a97-et-connections-consistently-chromium/error-context.md
]]>
</failure>
<system-out>
<![CDATA[
[[ATTACHMENT|test-results/cross-browser-cross-browse-b5a97-et-connections-consistently-chromium/test-failed-1.png]]

[[ATTACHMENT|test-results/cross-browser-cross-browse-b5a97-et-connections-consistently-chromium/video.webm]]

[[ATTACHMENT|test-results/cross-browser-cross-browse-b5a97-et-connections-consistently-chromium/error-context.md]]
]]>
</system-out>
</testcase>
<testcase name="Cross-Browser Compatibility › should handle error states consistently" classname="cross-browser/cross-browser-compatibility.spec.ts" time="6.29">
<failure message="cross-browser-compatibility.spec.ts:282:3 should handle error states consistently" type="FAILURE">
<![CDATA[  [chromium] › cross-browser/cross-browser-compatibility.spec.ts:282:3 › Cross-Browser Compatibility › should handle error states consistently 

    Error: expect(locator).toBeVisible() failed

    Locator: locator('[data-testid="error-message"]')
    Expected: visible
    Timeout: 5000ms
    Error: element(s) not found

    Call log:
      - Expect "toBeVisible" with timeout 5000ms
      - waiting for locator('[data-testid="error-message"]')


      287 |     
      288 |     // Should show error state
    > 289 |     await expect(page.locator('[data-testid="error-message"]')).toBeVisible();
          |                                                                 ^
      290 |     
      291 |     // Take screenshot of error state
      292 |     await page.screenshot({ 
        at /Users/joaocarlinho/gauntlet/24hr-mvp/collabcanvas-mvp-day7/frontend/playwright-tests/cross-browser/cross-browser-compatibility.spec.ts:289:65

    attachment #1: screenshot (image/png) ──────────────────────────────────────────────────────────
    ../test-results/cross-browser-cross-browse-c297c-e-error-states-consistently-chromium/test-failed-1.png
    ────────────────────────────────────────────────────────────────────────────────────────────────

    attachment #2: video (video/webm) ──────────────────────────────────────────────────────────────
    ../test-results/cross-browser-cross-browse-c297c-e-error-states-consistently-chromium/video.webm
    ────────────────────────────────────────────────────────────────────────────────────────────────

    Error Context: ../test-results/cross-browser-cross-browse-c297c-e-error-states-consistently-chromium/error-context.md
]]>
</failure>
<system-out>
<![CDATA[
[[ATTACHMENT|test-results/cross-browser-cross-browse-c297c-e-error-states-consistently-chromium/test-failed-1.png]]

[[ATTACHMENT|test-results/cross-browser-cross-browse-c297c-e-error-states-consistently-chromium/video.webm]]

[[ATTACHMENT|test-results/cross-browser-cross-browse-c297c-e-error-states-consistently-chromium/error-context.md]]
]]>
</system-out>
</testcase>
</testsuite>
<testsuite name="mobile/mobile-compatibility.spec.ts" timestamp="2025-10-20T20:29:13.645Z" hostname="chromium" tests="11" failures="9" skipped="0" time="22.574" errors="0">
<testcase name="Mobile Compatibility › should load canvas interface on mobile devices" classname="mobile/mobile-compatibility.spec.ts" time="2.227">
</testcase>
<testcase name="Mobile Compatibility › should handle touch interactions for object creation" classname="mobile/mobile-compatibility.spec.ts" time="1.989">
<failure message="mobile-compatibility.spec.ts:56:3 should handle touch interactions for object creation" type="FAILURE">
<![CDATA[  [chromium] › mobile/mobile-compatibility.spec.ts:56:3 › Mobile Compatibility › should handle touch interactions for object creation 

    Error: page.tap: The page does not support tap. Use hasTouch context option to enable touch support.

      61 |     
      62 |     // Test touch interaction for rectangle tool
    > 63 |     await page.tap('[data-testid="tool-rectangle"]');
         |                ^
      64 |     await page.tap('.konvajs-content', { position: { x: 100, y: 100 } });
      65 |     
      66 |     // Wait for object creation
        at /Users/joaocarlinho/gauntlet/24hr-mvp/collabcanvas-mvp-day7/frontend/playwright-tests/mobile/mobile-compatibility.spec.ts:63:16

    attachment #1: screenshot (image/png) ──────────────────────────────────────────────────────────
    ../test-results/mobile-mobile-compatibilit-8d861-actions-for-object-creation-chromium/test-failed-1.png
    ────────────────────────────────────────────────────────────────────────────────────────────────

    attachment #2: video (video/webm) ──────────────────────────────────────────────────────────────
    ../test-results/mobile-mobile-compatibilit-8d861-actions-for-object-creation-chromium/video.webm
    ────────────────────────────────────────────────────────────────────────────────────────────────

    Error Context: ../test-results/mobile-mobile-compatibilit-8d861-actions-for-object-creation-chromium/error-context.md
]]>
</failure>
<system-out>
<![CDATA[
[[ATTACHMENT|test-results/mobile-mobile-compatibilit-8d861-actions-for-object-creation-chromium/test-failed-1.png]]

[[ATTACHMENT|test-results/mobile-mobile-compatibilit-8d861-actions-for-object-creation-chromium/video.webm]]

[[ATTACHMENT|test-results/mobile-mobile-compatibilit-8d861-actions-for-object-creation-chromium/error-context.md]]
]]>
</system-out>
</testcase>
<testcase name="Mobile Compatibility › should handle pinch-to-zoom gestures" classname="mobile/mobile-compatibility.spec.ts" time="1.369">
<failure message="mobile-compatibility.spec.ts:88:3 should handle pinch-to-zoom gestures" type="FAILURE">
<![CDATA[  [chromium] › mobile/mobile-compatibility.spec.ts:88:3 › Mobile Compatibility › should handle pinch-to-zoom gestures 

    Error: touchscreen.tap: hasTouch must be enabled on the browser context before using the touchscreen.

      101 |       
      102 |       // Simulate pinch gesture (zoom in)
    > 103 |       await page.touchscreen.tap(centerX - 50, centerY);
          |                              ^
      104 |       await page.touchscreen.tap(centerX + 50, centerY);
      105 |       
      106 |       // Move fingers apart to zoom in
        at /Users/joaocarlinho/gauntlet/24hr-mvp/collabcanvas-mvp-day7/frontend/playwright-tests/mobile/mobile-compatibility.spec.ts:103:30

    attachment #1: screenshot (image/png) ──────────────────────────────────────────────────────────
    ../test-results/mobile-mobile-compatibilit-0c6d5-ndle-pinch-to-zoom-gestures-chromium/test-failed-1.png
    ────────────────────────────────────────────────────────────────────────────────────────────────

    attachment #2: video (video/webm) ──────────────────────────────────────────────────────────────
    ../test-results/mobile-mobile-compatibilit-0c6d5-ndle-pinch-to-zoom-gestures-chromium/video.webm
    ────────────────────────────────────────────────────────────────────────────────────────────────

    Error Context: ../test-results/mobile-mobile-compatibilit-0c6d5-ndle-pinch-to-zoom-gestures-chromium/error-context.md
]]>
</failure>
<system-out>
<![CDATA[
[[ATTACHMENT|test-results/mobile-mobile-compatibilit-0c6d5-ndle-pinch-to-zoom-gestures-chromium/test-failed-1.png]]

[[ATTACHMENT|test-results/mobile-mobile-compatibilit-0c6d5-ndle-pinch-to-zoom-gestures-chromium/video.webm]]

[[ATTACHMENT|test-results/mobile-mobile-compatibilit-0c6d5-ndle-pinch-to-zoom-gestures-chromium/error-context.md]]
]]>
</system-out>
</testcase>
<testcase name="Mobile Compatibility › should handle touch drag for object manipulation" classname="mobile/mobile-compatibility.spec.ts" time="1.291">
<failure message="mobile-compatibility.spec.ts:124:3 should handle touch drag for object manipulation" type="FAILURE">
<![CDATA[  [chromium] › mobile/mobile-compatibility.spec.ts:124:3 › Mobile Compatibility › should handle touch drag for object manipulation 

    Error: page.tap: The page does not support tap. Use hasTouch context option to enable touch support.

      129 |     
      130 |     // Create an object first
    > 131 |     await page.tap('[data-testid="tool-rectangle"]');
          |                ^
      132 |     await page.tap('.konvajs-content', { position: { x: 100, y: 100 } });
      133 |     await page.waitForTimeout(1000);
      134 |     
        at /Users/joaocarlinho/gauntlet/24hr-mvp/collabcanvas-mvp-day7/frontend/playwright-tests/mobile/mobile-compatibility.spec.ts:131:16

    attachment #1: screenshot (image/png) ──────────────────────────────────────────────────────────
    ../test-results/mobile-mobile-compatibilit-6fd39-rag-for-object-manipulation-chromium/test-failed-1.png
    ────────────────────────────────────────────────────────────────────────────────────────────────

    attachment #2: video (video/webm) ──────────────────────────────────────────────────────────────
    ../test-results/mobile-mobile-compatibilit-6fd39-rag-for-object-manipulation-chromium/video.webm
    ────────────────────────────────────────────────────────────────────────────────────────────────

    Error Context: ../test-results/mobile-mobile-compatibilit-6fd39-rag-for-object-manipulation-chromium/error-context.md
]]>
</failure>
<system-out>
<![CDATA[
[[ATTACHMENT|test-results/mobile-mobile-compatibilit-6fd39-rag-for-object-manipulation-chromium/test-failed-1.png]]

[[ATTACHMENT|test-results/mobile-mobile-compatibilit-6fd39-rag-for-object-manipulation-chromium/video.webm]]

[[ATTACHMENT|test-results/mobile-mobile-compatibilit-6fd39-rag-for-object-manipulation-chromium/error-context.md]]
]]>
</system-out>
</testcase>
<testcase name="Mobile Compatibility › should handle mobile keyboard input" classname="mobile/mobile-compatibility.spec.ts" time="1.433">
<failure message="mobile-compatibility.spec.ts:159:3 should handle mobile keyboard input" type="FAILURE">
<![CDATA[  [chromium] › mobile/mobile-compatibility.spec.ts:159:3 › Mobile Compatibility › should handle mobile keyboard input 

    Error: page.tap: The page does not support tap. Use hasTouch context option to enable touch support.

      164 |     
      165 |     // Test text tool with mobile keyboard
    > 166 |     await page.tap('[data-testid="tool-text"]');
          |                ^
      167 |     await page.tap('.konvajs-content', { position: { x: 150, y: 150 } });
      168 |     
      169 |     // Type text using mobile keyboard
        at /Users/joaocarlinho/gauntlet/24hr-mvp/collabcanvas-mvp-day7/frontend/playwright-tests/mobile/mobile-compatibility.spec.ts:166:16

    attachment #1: screenshot (image/png) ──────────────────────────────────────────────────────────
    ../test-results/mobile-mobile-compatibilit-c2369-andle-mobile-keyboard-input-chromium/test-failed-1.png
    ────────────────────────────────────────────────────────────────────────────────────────────────

    attachment #2: video (video/webm) ──────────────────────────────────────────────────────────────
    ../test-results/mobile-mobile-compatibilit-c2369-andle-mobile-keyboard-input-chromium/video.webm
    ────────────────────────────────────────────────────────────────────────────────────────────────

    Error Context: ../test-results/mobile-mobile-compatibilit-c2369-andle-mobile-keyboard-input-chromium/error-context.md
]]>
</failure>
<system-out>
<![CDATA[
[[ATTACHMENT|test-results/mobile-mobile-compatibilit-c2369-andle-mobile-keyboard-input-chromium/test-failed-1.png]]

[[ATTACHMENT|test-results/mobile-mobile-compatibilit-c2369-andle-mobile-keyboard-input-chromium/video.webm]]

[[ATTACHMENT|test-results/mobile-mobile-compatibilit-c2369-andle-mobile-keyboard-input-chromium/error-context.md]]
]]>
</system-out>
</testcase>
<testcase name="Mobile Compatibility › should handle mobile toolbar interactions" classname="mobile/mobile-compatibility.spec.ts" time="1.713">
</testcase>
<testcase name="Mobile Compatibility › should handle mobile color picker" classname="mobile/mobile-compatibility.spec.ts" time="1.313">
<failure message="mobile-compatibility.spec.ts:228:3 should handle mobile color picker" type="FAILURE">
<![CDATA[  [chromium] › mobile/mobile-compatibility.spec.ts:228:3 › Mobile Compatibility › should handle mobile color picker 

    Error: page.tap: The page does not support tap. Use hasTouch context option to enable touch support.

      233 |     
      234 |     // Create an object first
    > 235 |     await page.tap('[data-testid="tool-rectangle"]');
          |                ^
      236 |     await page.tap('.konvajs-content', { position: { x: 100, y: 100 } });
      237 |     await page.waitForTimeout(1000);
      238 |     
        at /Users/joaocarlinho/gauntlet/24hr-mvp/collabcanvas-mvp-day7/frontend/playwright-tests/mobile/mobile-compatibility.spec.ts:235:16

    attachment #1: screenshot (image/png) ──────────────────────────────────────────────────────────
    ../test-results/mobile-mobile-compatibilit-56b83--handle-mobile-color-picker-chromium/test-failed-1.png
    ────────────────────────────────────────────────────────────────────────────────────────────────

    attachment #2: video (video/webm) ──────────────────────────────────────────────────────────────
    ../test-results/mobile-mobile-compatibilit-56b83--handle-mobile-color-picker-chromium/video.webm
    ────────────────────────────────────────────────────────────────────────────────────────────────

    Error Context: ../test-results/mobile-mobile-compatibilit-56b83--handle-mobile-color-picker-chromium/error-context.md
]]>
</failure>
<system-out>
<![CDATA[
[[ATTACHMENT|test-results/mobile-mobile-compatibilit-56b83--handle-mobile-color-picker-chromium/test-failed-1.png]]

[[ATTACHMENT|test-results/mobile-mobile-compatibilit-56b83--handle-mobile-color-picker-chromium/video.webm]]

[[ATTACHMENT|test-results/mobile-mobile-compatibilit-56b83--handle-mobile-color-picker-chromium/error-context.md]]
]]>
</system-out>
</testcase>
<testcase name="Mobile Compatibility › should handle mobile responsive design" classname="mobile/mobile-compatibility.spec.ts" time="1.996">
<failure message="mobile-compatibility.spec.ts:269:3 should handle mobile responsive design" type="FAILURE">
<![CDATA[  [chromium] › mobile/mobile-compatibility.spec.ts:269:3 › Mobile Compatibility › should handle mobile responsive design 

    Error: expect(received).toBeLessThanOrEqual(expected)

    Expected: <= 340
    Received:    1207

      289 |       const bodyWidth = await page.evaluate(() => document.body.scrollWidth);
      290 |       const viewportWidth = viewport.width;
    > 291 |       expect(bodyWidth).toBeLessThanOrEqual(viewportWidth + 20); // Allow small margin
          |                         ^
      292 |       
      293 |       // Take screenshot for each viewport
      294 |       await page.screenshot({ 
        at /Users/joaocarlinho/gauntlet/24hr-mvp/collabcanvas-mvp-day7/frontend/playwright-tests/mobile/mobile-compatibility.spec.ts:291:25

    attachment #1: screenshot (image/png) ──────────────────────────────────────────────────────────
    ../test-results/mobile-mobile-compatibilit-e794d-le-mobile-responsive-design-chromium/test-failed-1.png
    ────────────────────────────────────────────────────────────────────────────────────────────────

    attachment #2: video (video/webm) ──────────────────────────────────────────────────────────────
    ../test-results/mobile-mobile-compatibilit-e794d-le-mobile-responsive-design-chromium/video.webm
    ────────────────────────────────────────────────────────────────────────────────────────────────

    Error Context: ../test-results/mobile-mobile-compatibilit-e794d-le-mobile-responsive-design-chromium/error-context.md
]]>
</failure>
<system-out>
<![CDATA[
[[ATTACHMENT|test-results/mobile-mobile-compatibilit-e794d-le-mobile-responsive-design-chromium/test-failed-1.png]]

[[ATTACHMENT|test-results/mobile-mobile-compatibilit-e794d-le-mobile-responsive-design-chromium/video.webm]]

[[ATTACHMENT|test-results/mobile-mobile-compatibilit-e794d-le-mobile-responsive-design-chromium/error-context.md]]
]]>
</system-out>
</testcase>
<testcase name="Mobile Compatibility › should handle mobile performance" classname="mobile/mobile-compatibility.spec.ts" time="2.053">
<failure message="mobile-compatibility.spec.ts:301:3 should handle mobile performance" type="FAILURE">
<![CDATA[  [chromium] › mobile/mobile-compatibility.spec.ts:301:3 › Mobile Compatibility › should handle mobile performance 

    Error: page.tap: The page does not support tap. Use hasTouch context option to enable touch support.

      317 |     
      318 |     for (let i = 0; i < 10; i++) {
    > 319 |       await page.tap('[data-testid="tool-rectangle"]');
          |                  ^
      320 |       await page.tap('.konvajs-content', { position: { x: 50 + i * 20, y: 50 + i * 20 } });
      321 |       await page.waitForTimeout(100);
      322 |     }
        at /Users/joaocarlinho/gauntlet/24hr-mvp/collabcanvas-mvp-day7/frontend/playwright-tests/mobile/mobile-compatibility.spec.ts:319:18

    attachment #1: screenshot (image/png) ──────────────────────────────────────────────────────────
    ../test-results/mobile-mobile-compatibilit-64ae5-d-handle-mobile-performance-chromium/test-failed-1.png
    ────────────────────────────────────────────────────────────────────────────────────────────────

    attachment #2: video (video/webm) ──────────────────────────────────────────────────────────────
    ../test-results/mobile-mobile-compatibilit-64ae5-d-handle-mobile-performance-chromium/video.webm
    ────────────────────────────────────────────────────────────────────────────────────────────────

    Error Context: ../test-results/mobile-mobile-compatibilit-64ae5-d-handle-mobile-performance-chromium/error-context.md
]]>
</failure>
<system-out>
<![CDATA[
[[ATTACHMENT|test-results/mobile-mobile-compatibilit-64ae5-d-handle-mobile-performance-chromium/test-failed-1.png]]

[[ATTACHMENT|test-results/mobile-mobile-compatibilit-64ae5-d-handle-mobile-performance-chromium/video.webm]]

[[ATTACHMENT|test-results/mobile-mobile-compatibilit-64ae5-d-handle-mobile-performance-chromium/error-context.md]]
]]>
</system-out>
</testcase>
<testcase name="Mobile Compatibility › should handle mobile WebSocket connections" classname="mobile/mobile-compatibility.spec.ts" time="1.774">
<failure message="mobile-compatibility.spec.ts:337:3 should handle mobile WebSocket connections" type="FAILURE">
<![CDATA[  [chromium] › mobile/mobile-compatibility.spec.ts:337:3 › Mobile Compatibility › should handle mobile WebSocket connections 

    Error: page.tap: The page does not support tap. Use hasTouch context option to enable touch support.

      350 |     
      351 |     // Test real-time collaboration on mobile
    > 352 |     await page.tap('[data-testid="tool-rectangle"]');
          |                ^
      353 |     await page.tap('.konvajs-content', { position: { x: 100, y: 100 } });
      354 |     
      355 |     await page.waitForTimeout(1000);
        at /Users/joaocarlinho/gauntlet/24hr-mvp/collabcanvas-mvp-day7/frontend/playwright-tests/mobile/mobile-compatibility.spec.ts:352:16

    attachment #1: screenshot (image/png) ──────────────────────────────────────────────────────────
    ../test-results/mobile-mobile-compatibilit-33423-obile-WebSocket-connections-chromium/test-failed-1.png
    ────────────────────────────────────────────────────────────────────────────────────────────────

    attachment #2: video (video/webm) ──────────────────────────────────────────────────────────────
    ../test-results/mobile-mobile-compatibilit-33423-obile-WebSocket-connections-chromium/video.webm
    ────────────────────────────────────────────────────────────────────────────────────────────────

    Error Context: ../test-results/mobile-mobile-compatibilit-33423-obile-WebSocket-connections-chromium/error-context.md
]]>
</failure>
<system-out>
<![CDATA[
[[ATTACHMENT|test-results/mobile-mobile-compatibilit-33423-obile-WebSocket-connections-chromium/test-failed-1.png]]

[[ATTACHMENT|test-results/mobile-mobile-compatibilit-33423-obile-WebSocket-connections-chromium/video.webm]]

[[ATTACHMENT|test-results/mobile-mobile-compatibilit-33423-obile-WebSocket-connections-chromium/error-context.md]]
]]>
</system-out>
</testcase>
<testcase name="Mobile Compatibility › should handle mobile error states" classname="mobile/mobile-compatibility.spec.ts" time="5.416">
<failure message="mobile-compatibility.spec.ts:367:3 should handle mobile error states" type="FAILURE">
<![CDATA[  [chromium] › mobile/mobile-compatibility.spec.ts:367:3 › Mobile Compatibility › should handle mobile error states 

    Error: expect(locator).toBeVisible() failed

    Locator: locator('[data-testid="error-message"]')
    Expected: visible
    Timeout: 5000ms
    Error: element(s) not found

    Call log:
      - Expect "toBeVisible" with timeout 5000ms
      - waiting for locator('[data-testid="error-message"]')


      374 |     
      375 |     // Should show error state
    > 376 |     await expect(page.locator('[data-testid="error-message"]')).toBeVisible();
          |                                                                 ^
      377 |     
      378 |     // Verify error message is mobile-friendly
      379 |     const errorMessage = page.locator('[data-testid="error-message"]');
        at /Users/joaocarlinho/gauntlet/24hr-mvp/collabcanvas-mvp-day7/frontend/playwright-tests/mobile/mobile-compatibility.spec.ts:376:65

    attachment #1: screenshot (image/png) ──────────────────────────────────────────────────────────
    ../test-results/mobile-mobile-compatibilit-2f4fd--handle-mobile-error-states-chromium/test-failed-1.png
    ────────────────────────────────────────────────────────────────────────────────────────────────

    attachment #2: video (video/webm) ──────────────────────────────────────────────────────────────
    ../test-results/mobile-mobile-compatibilit-2f4fd--handle-mobile-error-states-chromium/video.webm
    ────────────────────────────────────────────────────────────────────────────────────────────────

    Error Context: ../test-results/mobile-mobile-compatibilit-2f4fd--handle-mobile-error-states-chromium/error-context.md
]]>
</failure>
<system-out>
<![CDATA[
[[ATTACHMENT|test-results/mobile-mobile-compatibilit-2f4fd--handle-mobile-error-states-chromium/test-failed-1.png]]

[[ATTACHMENT|test-results/mobile-mobile-compatibilit-2f4fd--handle-mobile-error-states-chromium/video.webm]]

[[ATTACHMENT|test-results/mobile-mobile-compatibilit-2f4fd--handle-mobile-error-states-chromium/error-context.md]]
]]>
</system-out>
</testcase>
</testsuite>
</testsuites>